{"/home/travis/build/npmtest/node-npmtest-gl/test.js":{"path":"/home/travis/build/npmtest/node-npmtest-gl/test.js","s":{"1":2,"2":2,"3":2,"4":2,"5":2,"6":2,"7":2,"8":1,"9":2,"10":2,"11":1,"12":1,"13":1,"14":1,"15":2,"16":2,"17":2,"18":2,"19":1,"20":1,"21":2,"22":2,"23":2,"24":1,"25":1,"26":1,"27":1,"28":1,"29":1,"30":1,"31":1,"32":1,"33":1,"34":1,"35":1,"36":1,"37":2,"38":2,"39":1,"40":2,"41":2,"42":1,"43":2,"44":2,"45":1,"46":2,"47":2,"48":1,"49":1,"50":1,"51":1,"52":1},"b":{"1":[2,1,1,1],"2":[1,1,1,1],"3":[1,1],"4":[1,1],"5":[1,1],"6":[1,1],"7":[1,1],"8":[1,1],"9":[1,1,1],"10":[1,1],"11":[1,1],"12":[1,1],"13":[1,1],"14":[1,1],"15":[1,1],"16":[1,1]},"f":{"1":2,"2":2,"3":2,"4":2,"5":2,"6":1,"7":1,"8":2,"9":2,"10":2,"11":2,"12":1},"fnMap":{"1":{"name":"(anonymous_1)","line":12,"loc":{"start":{"line":12,"column":1},"end":{"line":12,"column":13}}},"2":{"name":"(anonymous_2)","line":19,"loc":{"start":{"line":19,"column":5},"end":{"line":19,"column":17}}},"3":{"name":"(anonymous_3)","line":23,"loc":{"start":{"line":23,"column":24},"end":{"line":23,"column":36}}},"4":{"name":"(anonymous_4)","line":61,"loc":{"start":{"line":61,"column":5},"end":{"line":61,"column":17}}},"5":{"name":"(anonymous_5)","line":82,"loc":{"start":{"line":82,"column":5},"end":{"line":82,"column":17}}},"6":{"name":"(anonymous_6)","line":102,"loc":{"start":{"line":102,"column":83},"end":{"line":105,"column":10}},"skip":true},"7":{"name":"(anonymous_7)","line":113,"loc":{"start":{"line":113,"column":77},"end":{"line":116,"column":10}},"skip":true},"8":{"name":"(anonymous_8)","line":129,"loc":{"start":{"line":129,"column":12},"end":{"line":129,"column":40}},"skip":true},"9":{"name":"(anonymous_9)","line":137,"loc":{"start":{"line":137,"column":77},"end":{"line":140,"column":10}},"skip":true},"10":{"name":"(anonymous_10)","line":148,"loc":{"start":{"line":148,"column":83},"end":{"line":151,"column":10}},"skip":true},"11":{"name":"(anonymous_11)","line":159,"loc":{"start":{"line":159,"column":79},"end":{"line":162,"column":10}},"skip":true},"12":{"name":"(anonymous_12)","line":170,"loc":{"start":{"line":170,"column":75},"end":{"line":173,"column":10}},"skip":true}},"statementMap":{"1":{"start":{"line":12,"column":0},"end":{"line":185,"column":5}},"2":{"start":{"line":14,"column":4},"end":{"line":14,"column":14}},"3":{"start":{"line":19,"column":4},"end":{"line":56,"column":9}},"4":{"start":{"line":21,"column":8},"end":{"line":21,"column":19}},"5":{"start":{"line":23,"column":8},"end":{"line":35,"column":13}},"6":{"start":{"line":24,"column":12},"end":{"line":34,"column":13}},"7":{"start":{"line":25,"column":16},"end":{"line":28,"column":30}},"8":{"start":{"line":30,"column":16},"end":{"line":33,"column":27}},"9":{"start":{"line":37,"column":8},"end":{"line":39,"column":21}},"10":{"start":{"line":40,"column":8},"end":{"line":53,"column":9}},"11":{"start":{"line":43,"column":12},"end":{"line":46,"column":14}},"12":{"start":{"line":47,"column":12},"end":{"line":47,"column":18}},"13":{"start":{"line":50,"column":12},"end":{"line":51,"column":46}},"14":{"start":{"line":52,"column":12},"end":{"line":52,"column":18}},"15":{"start":{"line":55,"column":8},"end":{"line":55,"column":35}},"16":{"start":{"line":61,"column":4},"end":{"line":63,"column":9}},"17":{"start":{"line":62,"column":8},"end":{"line":62,"column":15}},"18":{"start":{"line":64,"column":4},"end":{"line":77,"column":5}},"19":{"start":{"line":70,"column":8},"end":{"line":70,"column":14}},"20":{"start":{"line":76,"column":8},"end":{"line":76,"column":14}},"21":{"start":{"line":82,"column":4},"end":{"line":84,"column":9}},"22":{"start":{"line":83,"column":8},"end":{"line":83,"column":15}},"23":{"start":{"line":85,"column":4},"end":{"line":184,"column":5}},"24":{"start":{"line":92,"column":8},"end":{"line":94,"column":63}},"25":{"start":{"line":95,"column":8},"end":{"line":95,"column":14}},"26":{"start":{"line":102,"column":8},"end":{"line":111,"column":10},"skip":true},"27":{"start":{"line":109,"column":12},"end":{"line":109,"column":55},"skip":true},"28":{"start":{"line":110,"column":12},"end":{"line":110,"column":48},"skip":true},"29":{"start":{"line":113,"column":8},"end":{"line":126,"column":10},"skip":true},"30":{"start":{"line":120,"column":12},"end":{"line":120,"column":76},"skip":true},"31":{"start":{"line":121,"column":12},"end":{"line":121,"column":73},"skip":true},"32":{"start":{"line":122,"column":12},"end":{"line":122,"column":74},"skip":true},"33":{"start":{"line":123,"column":12},"end":{"line":123,"column":79},"skip":true},"34":{"start":{"line":124,"column":12},"end":{"line":124,"column":25},"skip":true},"35":{"start":{"line":125,"column":12},"end":{"line":125,"column":45},"skip":true},"36":{"start":{"line":128,"column":8},"end":{"line":135,"column":14},"skip":true},"37":{"start":{"line":133,"column":16},"end":{"line":133,"column":29},"skip":true},"38":{"start":{"line":134,"column":16},"end":{"line":134,"column":55},"skip":true},"39":{"start":{"line":137,"column":8},"end":{"line":146,"column":10},"skip":true},"40":{"start":{"line":144,"column":12},"end":{"line":144,"column":25},"skip":true},"41":{"start":{"line":145,"column":12},"end":{"line":145,"column":45},"skip":true},"42":{"start":{"line":148,"column":8},"end":{"line":157,"column":10},"skip":true},"43":{"start":{"line":155,"column":12},"end":{"line":155,"column":25},"skip":true},"44":{"start":{"line":156,"column":12},"end":{"line":156,"column":48},"skip":true},"45":{"start":{"line":159,"column":8},"end":{"line":168,"column":10},"skip":true},"46":{"start":{"line":166,"column":12},"end":{"line":166,"column":25},"skip":true},"47":{"start":{"line":167,"column":12},"end":{"line":167,"column":46},"skip":true},"48":{"start":{"line":170,"column":8},"end":{"line":179,"column":10},"skip":true},"49":{"start":{"line":177,"column":12},"end":{"line":177,"column":94},"skip":true},"50":{"start":{"line":178,"column":12},"end":{"line":178,"column":48},"skip":true},"51":{"start":{"line":182,"column":8},"end":{"line":182,"column":35},"skip":true},"52":{"start":{"line":183,"column":8},"end":{"line":183,"column":14},"skip":true}},"branchMap":{"1":{"line":25,"type":"binary-expr","locations":[{"start":{"line":25,"column":23},"end":{"line":25,"column":62}},{"start":{"line":26,"column":20},"end":{"line":26,"column":70}},{"start":{"line":27,"column":20},"end":{"line":27,"column":71}},{"start":{"line":28,"column":20},"end":{"line":28,"column":29}}]},"2":{"line":30,"type":"binary-expr","locations":[{"start":{"line":30,"column":23},"end":{"line":30,"column":37}},{"start":{"line":31,"column":20},"end":{"line":31,"column":61}},{"start":{"line":32,"column":20},"end":{"line":32,"column":70}},{"start":{"line":33,"column":20},"end":{"line":33,"column":26}}]},"3":{"line":37,"type":"cond-expr","locations":[{"start":{"line":38,"column":14},"end":{"line":38,"column":20}},{"start":{"line":39,"column":14},"end":{"line":39,"column":20}}]},"4":{"line":40,"type":"switch","locations":[{"start":{"line":42,"column":8},"end":{"line":47,"column":18}},{"start":{"line":49,"column":8},"end":{"line":52,"column":18}}]},"5":{"line":44,"type":"binary-expr","locations":[{"start":{"line":44,"column":16},"end":{"line":44,"column":44}},{"start":{"line":44,"column":48},"end":{"line":44,"column":66}}]},"6":{"line":50,"type":"binary-expr","locations":[{"start":{"line":50,"column":21},"end":{"line":50,"column":49}},{"start":{"line":50,"column":53},"end":{"line":50,"column":72}}]},"7":{"line":64,"type":"switch","locations":[{"start":{"line":69,"column":4},"end":{"line":70,"column":14}},{"start":{"line":75,"column":4},"end":{"line":76,"column":14}}]},"8":{"line":85,"type":"switch","locations":[{"start":{"line":90,"column":4},"end":{"line":95,"column":14}},{"start":{"line":101,"column":4},"end":{"line":183,"column":14},"skip":true}]},"9":{"line":92,"type":"binary-expr","locations":[{"start":{"line":92,"column":18},"end":{"line":92,"column":32}},{"start":{"line":93,"column":12},"end":{"line":93,"column":53}},{"start":{"line":94,"column":12},"end":{"line":94,"column":61}}]},"10":{"line":102,"type":"binary-expr","locations":[{"start":{"line":102,"column":45},"end":{"line":102,"column":79},"skip":true},{"start":{"line":102,"column":83},"end":{"line":111,"column":9},"skip":true}]},"11":{"line":113,"type":"binary-expr","locations":[{"start":{"line":113,"column":42},"end":{"line":113,"column":73},"skip":true},{"start":{"line":113,"column":77},"end":{"line":126,"column":9},"skip":true}]},"12":{"line":128,"type":"binary-expr","locations":[{"start":{"line":128,"column":48},"end":{"line":128,"column":85},"skip":true},{"start":{"line":129,"column":12},"end":{"line":135,"column":13},"skip":true}]},"13":{"line":137,"type":"binary-expr","locations":[{"start":{"line":137,"column":42},"end":{"line":137,"column":73},"skip":true},{"start":{"line":137,"column":77},"end":{"line":146,"column":9},"skip":true}]},"14":{"line":148,"type":"binary-expr","locations":[{"start":{"line":148,"column":45},"end":{"line":148,"column":79},"skip":true},{"start":{"line":148,"column":83},"end":{"line":157,"column":9},"skip":true}]},"15":{"line":159,"type":"binary-expr","locations":[{"start":{"line":159,"column":43},"end":{"line":159,"column":75},"skip":true},{"start":{"line":159,"column":79},"end":{"line":168,"column":9},"skip":true}]},"16":{"line":170,"type":"binary-expr","locations":[{"start":{"line":170,"column":41},"end":{"line":170,"column":71},"skip":true},{"start":{"line":170,"column":75},"end":{"line":179,"column":9},"skip":true}]}},"code":["/* istanbul instrument in package npmtest_gl */","/*jslint","    bitwise: true,","    browser: true,","    maxerr: 8,","    maxlen: 96,","    node: true,","    nomen: true,","    regexp: true,","    stupid: true","*/","(function () {","    'use strict';","    var local;","","","","    // run shared js-env code - pre-init","    (function () {","        // init local","        local = {};","        // init modeJs","        local.modeJs = (function () {","            try {","                return typeof navigator.userAgent === 'string' &&","                    typeof document.querySelector('body') === 'object' &&","                    typeof XMLHttpRequest.prototype.open === 'function' &&","                    'browser';","            } catch (errorCaughtBrowser) {","                return module.exports &&","                    typeof process.versions.node === 'string' &&","                    typeof require('http').createServer === 'function' &&","                    'node';","            }","        }());","        // init global","        local.global = local.modeJs === 'browser'","            ? window","            : global;","        switch (local.modeJs) {","        // re-init local from window.local","        case 'browser':","            local = local.global.utility2.objectSetDefault(","                local.global.utility2_rollup || local.global.local,","                local.global.utility2","            );","            break;","        // re-init local from example.js","        case 'node':","            local = (local.global.utility2_rollup || require('utility2'))","                .requireExampleJsFromReadme();","            break;","        }","        // export local","        local.global.local = local;","    }());","","","","    // run shared js-env code - function","    (function () {","        return;","    }());","    switch (local.modeJs) {","","","","    // run browser js-env code - function","    case 'browser':","        break;","","","","    // run node js-env code - function","    case 'node':","        break;","    }","","","","    // run shared js-env code - post-init","    (function () {","        return;","    }());","    switch (local.modeJs) {","","","","    // run browser js-env code - post-init","    case 'browser':","        // run tests","        local.nop(local.modeTest &&","            document.querySelector('#testRunButton1') &&","            document.querySelector('#testRunButton1').click());","        break;","","","","    // run node js-env code - post-init","    /* istanbul ignore next */","    case 'node':","        local.testCase_buildApidoc_default = local.testCase_buildApidoc_default || function (","            options,","            onError","        ) {","        /*","         * this function will test buildApidoc's default handling-behavior-behavior","         */","            options = { modulePathList: module.paths };","            local.buildApidoc(options, onError);","        };","","        local.testCase_buildApp_default = local.testCase_buildApp_default || function (","            options,","            onError","        ) {","        /*","         * this function will test buildApp's default handling-behavior-behavior","         */","            local.testCase_buildReadme_default(options, local.onErrorThrow);","            local.testCase_buildLib_default(options, local.onErrorThrow);","            local.testCase_buildTest_default(options, local.onErrorThrow);","            local.testCase_buildCustomOrg_default(options, local.onErrorThrow);","            options = [];","            local.buildApp(options, onError);","        };","","        local.testCase_buildCustomOrg_default = local.testCase_buildCustomOrg_default ||","            function (options, onError) {","            /*","             * this function will test buildCustomOrg's default handling-behavior","             */","                options = {};","                local.buildCustomOrg(options, onError);","            };","","        local.testCase_buildLib_default = local.testCase_buildLib_default || function (","            options,","            onError","        ) {","        /*","         * this function will test buildLib's default handling-behavior","         */","            options = {};","            local.buildLib(options, onError);","        };","","        local.testCase_buildReadme_default = local.testCase_buildReadme_default || function (","            options,","            onError","        ) {","        /*","         * this function will test buildReadme's default handling-behavior-behavior","         */","            options = {};","            local.buildReadme(options, onError);","        };","","        local.testCase_buildTest_default = local.testCase_buildTest_default || function (","            options,","            onError","        ) {","        /*","         * this function will test buildTest's default handling-behavior","         */","            options = {};","            local.buildTest(options, onError);","        };","","        local.testCase_webpage_default = local.testCase_webpage_default || function (","            options,","            onError","        ) {","        /*","         * this function will test webpage's default handling-behavior","         */","            options = { modeCoverageMerge: true, url: local.serverLocalHost + '?modeTest=1' };","            local.browserTest(options, onError);","        };","","        // run test-server","        local.testRunServer(local);","        break;","    }","}());",""],"l":{"12":2,"14":2,"19":2,"21":2,"23":2,"24":2,"25":2,"30":1,"37":2,"40":2,"43":1,"47":1,"50":1,"52":1,"55":2,"61":2,"62":2,"64":2,"70":1,"76":1,"82":2,"83":2,"85":2,"92":1,"95":1,"102":1,"109":1,"110":1,"113":1,"120":1,"121":1,"122":1,"123":1,"124":1,"125":1,"128":1,"133":2,"134":2,"137":1,"144":2,"145":2,"148":1,"155":2,"156":2,"159":1,"166":2,"167":2,"170":1,"177":1,"178":1,"182":1,"183":1}},"/home/travis/build/npmtest/node-npmtest-gl/lib.npmtest_gl.js":{"path":"/home/travis/build/npmtest/node-npmtest-gl/lib.npmtest_gl.js","s":{"1":2,"2":2,"3":2,"4":2,"5":2,"6":2,"7":2,"8":1,"9":2,"10":2,"11":2,"12":2,"13":1,"14":1,"15":1,"16":1},"b":{"1":[2,1,1,1],"2":[1,1,1,1],"3":[1,1],"4":[2,2],"5":[1,1]},"f":{"1":2,"2":2,"3":2},"fnMap":{"1":{"name":"(anonymous_1)","line":12,"loc":{"start":{"line":12,"column":1},"end":{"line":12,"column":13}}},"2":{"name":"(anonymous_2)","line":19,"loc":{"start":{"line":19,"column":5},"end":{"line":19,"column":17}}},"3":{"name":"(anonymous_3)","line":23,"loc":{"start":{"line":23,"column":24},"end":{"line":23,"column":36}}}},"statementMap":{"1":{"start":{"line":12,"column":0},"end":{"line":53,"column":5}},"2":{"start":{"line":14,"column":4},"end":{"line":14,"column":14}},"3":{"start":{"line":19,"column":4},"end":{"line":52,"column":9}},"4":{"start":{"line":21,"column":8},"end":{"line":21,"column":19}},"5":{"start":{"line":23,"column":8},"end":{"line":35,"column":13}},"6":{"start":{"line":24,"column":12},"end":{"line":34,"column":13}},"7":{"start":{"line":25,"column":16},"end":{"line":28,"column":30}},"8":{"start":{"line":30,"column":16},"end":{"line":33,"column":27}},"9":{"start":{"line":37,"column":8},"end":{"line":39,"column":21}},"10":{"start":{"line":41,"column":8},"end":{"line":41,"column":54}},"11":{"start":{"line":43,"column":8},"end":{"line":43,"column":47}},"12":{"start":{"line":45,"column":8},"end":{"line":51,"column":9}},"13":{"start":{"line":46,"column":12},"end":{"line":46,"column":53}},"14":{"start":{"line":48,"column":12},"end":{"line":48,"column":35}},"15":{"start":{"line":49,"column":12},"end":{"line":49,"column":49}},"16":{"start":{"line":50,"column":12},"end":{"line":50,"column":43}}},"branchMap":{"1":{"line":25,"type":"binary-expr","locations":[{"start":{"line":25,"column":23},"end":{"line":25,"column":62}},{"start":{"line":26,"column":20},"end":{"line":26,"column":70}},{"start":{"line":27,"column":20},"end":{"line":27,"column":71}},{"start":{"line":28,"column":20},"end":{"line":28,"column":29}}]},"2":{"line":30,"type":"binary-expr","locations":[{"start":{"line":30,"column":23},"end":{"line":30,"column":37}},{"start":{"line":31,"column":20},"end":{"line":31,"column":61}},{"start":{"line":32,"column":20},"end":{"line":32,"column":70}},{"start":{"line":33,"column":20},"end":{"line":33,"column":26}}]},"3":{"line":37,"type":"cond-expr","locations":[{"start":{"line":38,"column":14},"end":{"line":38,"column":20}},{"start":{"line":39,"column":14},"end":{"line":39,"column":20}}]},"4":{"line":41,"type":"binary-expr","locations":[{"start":{"line":41,"column":16},"end":{"line":41,"column":44}},{"start":{"line":41,"column":48},"end":{"line":41,"column":53}}]},"5":{"line":45,"type":"if","locations":[{"start":{"line":45,"column":8},"end":{"line":45,"column":8}},{"start":{"line":45,"column":8},"end":{"line":45,"column":8}}]}},"code":["/* istanbul instrument in package npmtest_gl */","/*jslint","    bitwise: true,","    browser: true,","    maxerr: 8,","    maxlen: 96,","    node: true,","    nomen: true,","    regexp: true,","    stupid: true","*/","(function () {","    'use strict';","    var local;","","","","    // run shared js-env code - pre-init","    (function () {","        // init local","        local = {};","        // init modeJs","        local.modeJs = (function () {","            try {","                return typeof navigator.userAgent === 'string' &&","                    typeof document.querySelector('body') === 'object' &&","                    typeof XMLHttpRequest.prototype.open === 'function' &&","                    'browser';","            } catch (errorCaughtBrowser) {","                return module.exports &&","                    typeof process.versions.node === 'string' &&","                    typeof require('http').createServer === 'function' &&","                    'node';","            }","        }());","        // init global","        local.global = local.modeJs === 'browser'","            ? window","            : global;","        // init utility2_rollup","        local = local.global.utility2_rollup || local;","        // init lib","        local.local = local.npmtest_gl = local;","        // init exports","        if (local.modeJs === 'browser') {","            local.global.utility2_npmtest_gl = local;","        } else {","            module.exports = local;","            module.exports.__dirname = __dirname;","            module.exports.module = module;","        }","    }());","}());",""],"l":{"12":2,"14":2,"19":2,"21":2,"23":2,"24":2,"25":2,"30":1,"37":2,"41":2,"43":2,"45":2,"46":1,"48":1,"49":1,"50":1}},"/home/travis/build/npmtest/node-npmtest-gl/example.js":{"path":"/home/travis/build/npmtest/node-npmtest-gl/example.js","s":{"1":2,"2":2,"3":2,"4":2,"5":2,"6":2,"7":2,"8":1,"9":2,"10":2,"11":2,"12":2,"13":1,"14":2,"15":2,"16":2,"17":2,"18":2,"19":0,"20":2,"21":1,"22":1,"23":1,"24":1,"25":1,"26":0,"27":0,"28":1,"29":1,"30":2,"31":0,"32":0,"33":0,"34":1,"35":2,"36":2,"37":2,"38":2,"39":2,"40":2,"41":0,"42":2,"43":2,"44":2,"45":1,"46":3,"47":1,"48":1,"49":1,"50":1,"51":1,"52":1,"53":1,"54":1,"55":1,"56":1,"57":0,"58":1,"59":6,"60":6,"61":1,"62":2,"63":0,"64":2,"65":1,"66":1,"67":0,"68":0,"69":0,"70":0,"71":0,"72":0,"73":0,"74":0,"75":0,"76":0,"77":0,"78":0,"79":0,"80":0,"81":0,"82":0,"83":0},"b":{"1":[2,1,1,1],"2":[1,1,1,1],"3":[1,1],"4":[2,2],"5":[1,1],"6":[1,1],"7":[2,0],"8":[2,1,1,1,1,1],"9":[0,2,0],"10":[1,1],"11":[2,1,1],"12":[1,0],"13":[0,2],"14":[2,0,0,0,0,0,0],"15":[0,2],"16":[2,0],"17":[1,1],"18":[0,1],"19":[1,2,0,2],"20":[1,0],"21":[1,1],"22":[0,0],"23":[0,0],"24":[0,0],"25":[0,0],"26":[0,0],"27":[0,0],"28":[0,0]},"f":{"1":2,"2":2,"3":2,"4":2,"5":2,"6":2,"7":2,"8":2,"9":3,"10":1,"11":6,"12":0},"fnMap":{"1":{"name":"(anonymous_1)","line":26,"loc":{"start":{"line":26,"column":1},"end":{"line":26,"column":13}}},"2":{"name":"(anonymous_2)","line":33,"loc":{"start":{"line":33,"column":5},"end":{"line":33,"column":17}}},"3":{"name":"(anonymous_3)","line":37,"loc":{"start":{"line":37,"column":24},"end":{"line":37,"column":36}}},"4":{"name":"(anonymous_4)","line":69,"loc":{"start":{"line":69,"column":31},"end":{"line":69,"column":48}},"skip":true},"5":{"name":"(anonymous_5)","line":78,"loc":{"start":{"line":78,"column":26},"end":{"line":78,"column":45}},"skip":true},"6":{"name":"(anonymous_6)","line":123,"loc":{"start":{"line":123,"column":33},"end":{"line":123,"column":48}},"skip":true},"7":{"name":"(anonymous_7)","line":125,"loc":{"start":{"line":125,"column":27},"end":{"line":125,"column":39}},"skip":true},"8":{"name":"(anonymous_8)","line":133,"loc":{"start":{"line":133,"column":59},"end":{"line":133,"column":74}},"skip":true},"9":{"name":"(anonymous_9)","line":143,"loc":{"start":{"line":143,"column":45},"end":{"line":143,"column":62}},"skip":true},"10":{"name":"(anonymous_10)","line":144,"loc":{"start":{"line":144,"column":73},"end":{"line":144,"column":92}},"skip":true},"11":{"name":"(anonymous_11)","line":272,"loc":{"start":{"line":272,"column":51},"end":{"line":272,"column":77}},"skip":true},"12":{"name":"(anonymous_12)","line":314,"loc":{"start":{"line":314,"column":32},"end":{"line":314,"column":61}},"skip":true}},"statementMap":{"1":{"start":{"line":26,"column":0},"end":{"line":325,"column":5}},"2":{"start":{"line":28,"column":4},"end":{"line":28,"column":14}},"3":{"start":{"line":33,"column":4},"end":{"line":60,"column":9}},"4":{"start":{"line":35,"column":8},"end":{"line":35,"column":19}},"5":{"start":{"line":37,"column":8},"end":{"line":49,"column":13}},"6":{"start":{"line":38,"column":12},"end":{"line":48,"column":13}},"7":{"start":{"line":39,"column":16},"end":{"line":42,"column":30}},"8":{"start":{"line":44,"column":16},"end":{"line":47,"column":27}},"9":{"start":{"line":51,"column":8},"end":{"line":53,"column":21}},"10":{"start":{"line":55,"column":8},"end":{"line":57,"column":45}},"11":{"start":{"line":59,"column":8},"end":{"line":59,"column":35}},"12":{"start":{"line":61,"column":4},"end":{"line":324,"column":5}},"13":{"start":{"line":69,"column":8},"end":{"line":121,"column":10},"skip":true},"14":{"start":{"line":70,"column":12},"end":{"line":88,"column":13},"skip":true},"15":{"start":{"line":76,"column":16},"end":{"line":87,"column":19},"skip":true},"16":{"start":{"line":79,"column":20},"end":{"line":86,"column":21},"skip":true},"17":{"start":{"line":82,"column":24},"end":{"line":82,"column":43},"skip":true},"18":{"start":{"line":83,"column":24},"end":{"line":83,"column":30},"skip":true},"19":{"start":{"line":85,"column":24},"end":{"line":85,"column":49},"skip":true},"20":{"start":{"line":89,"column":12},"end":{"line":107,"column":13},"skip":true},"21":{"start":{"line":92,"column":16},"end":{"line":102,"column":17},"skip":true},"22":{"start":{"line":93,"column":20},"end":{"line":93,"column":86},"skip":true},"23":{"start":{"line":94,"column":20},"end":{"line":95,"column":45},"skip":true},"24":{"start":{"line":96,"column":20},"end":{"line":96,"column":42},"skip":true},"25":{"start":{"line":97,"column":20},"end":{"line":97,"column":48},"skip":true},"26":{"start":{"line":100,"column":20},"end":{"line":100,"column":85},"skip":true},"27":{"start":{"line":101,"column":20},"end":{"line":101,"column":96},"skip":true},"28":{"start":{"line":103,"column":16},"end":{"line":103,"column":22},"skip":true},"29":{"start":{"line":106,"column":16},"end":{"line":106,"column":22},"skip":true},"30":{"start":{"line":108,"column":12},"end":{"line":120,"column":13},"skip":true},"31":{"start":{"line":114,"column":16},"end":{"line":119,"column":17},"skip":true},"32":{"start":{"line":116,"column":20},"end":{"line":116,"column":78},"skip":true},"33":{"start":{"line":118,"column":20},"end":{"line":118,"column":47},"skip":true},"34":{"start":{"line":123,"column":8},"end":{"line":141,"column":11},"skip":true},"35":{"start":{"line":124,"column":12},"end":{"line":124,"column":54},"skip":true},"36":{"start":{"line":125,"column":12},"end":{"line":140,"column":14},"skip":true},"37":{"start":{"line":126,"column":16},"end":{"line":126,"column":28},"skip":true},"38":{"start":{"line":127,"column":16},"end":{"line":127,"column":69},"skip":true},"39":{"start":{"line":128,"column":16},"end":{"line":128,"column":75},"skip":true},"40":{"start":{"line":129,"column":16},"end":{"line":131,"column":17},"skip":true},"41":{"start":{"line":130,"column":20},"end":{"line":130,"column":27},"skip":true},"42":{"start":{"line":133,"column":16},"end":{"line":137,"column":36},"skip":true},"43":{"start":{"line":134,"column":20},"end":{"line":136,"column":55},"skip":true},"44":{"start":{"line":139,"column":16},"end":{"line":139,"column":57},"skip":true},"45":{"start":{"line":143,"column":8},"end":{"line":147,"column":11},"skip":true},"46":{"start":{"line":144,"column":12},"end":{"line":146,"column":15},"skip":true},"47":{"start":{"line":145,"column":16},"end":{"line":145,"column":70},"skip":true},"48":{"start":{"line":149,"column":8},"end":{"line":149,"column":31},"skip":true},"49":{"start":{"line":150,"column":8},"end":{"line":150,"column":14},"skip":true},"50":{"start":{"line":158,"column":8},"end":{"line":158,"column":31},"skip":true},"51":{"start":{"line":160,"column":8},"end":{"line":160,"column":33},"skip":true},"52":{"start":{"line":161,"column":8},"end":{"line":161,"column":37},"skip":true},"53":{"start":{"line":162,"column":8},"end":{"line":162,"column":35},"skip":true},"54":{"start":{"line":164,"column":8},"end":{"line":164,"column":50},"skip":true},"55":{"start":{"line":166,"column":8},"end":{"line":256,"column":2},"skip":true},"56":{"start":{"line":258,"column":8},"end":{"line":286,"column":9},"skip":true},"57":{"start":{"line":259,"column":12},"end":{"line":269,"column":14},"skip":true},"58":{"start":{"line":271,"column":12},"end":{"line":285,"column":19},"skip":true},"59":{"start":{"line":274,"column":20},"end":{"line":274,"column":35},"skip":true},"60":{"start":{"line":275,"column":20},"end":{"line":284,"column":21},"skip":true},"61":{"start":{"line":277,"column":24},"end":{"line":277,"column":64},"skip":true},"62":{"start":{"line":279,"column":24},"end":{"line":279,"column":40},"skip":true},"63":{"start":{"line":281,"column":24},"end":{"line":281,"column":40},"skip":true},"64":{"start":{"line":283,"column":24},"end":{"line":283,"column":39},"skip":true},"65":{"start":{"line":288,"column":8},"end":{"line":290,"column":9},"skip":true},"66":{"start":{"line":289,"column":12},"end":{"line":289,"column":18},"skip":true},"67":{"start":{"line":291,"column":8},"end":{"line":293,"column":54},"skip":true},"68":{"start":{"line":294,"column":8},"end":{"line":301,"column":37},"skip":true},"69":{"start":{"line":302,"column":8},"end":{"line":302,"column":82},"skip":true},"70":{"start":{"line":305,"column":8},"end":{"line":307,"column":9},"skip":true},"71":{"start":{"line":306,"column":12},"end":{"line":306,"column":82},"skip":true},"72":{"start":{"line":309,"column":8},"end":{"line":311,"column":9},"skip":true},"73":{"start":{"line":310,"column":12},"end":{"line":310,"column":18},"skip":true},"74":{"start":{"line":312,"column":8},"end":{"line":312,"column":54},"skip":true},"75":{"start":{"line":313,"column":8},"end":{"line":313,"column":69},"skip":true},"76":{"start":{"line":314,"column":8},"end":{"line":322,"column":36},"skip":true},"77":{"start":{"line":315,"column":12},"end":{"line":315,"column":61},"skip":true},"78":{"start":{"line":316,"column":12},"end":{"line":319,"column":13},"skip":true},"79":{"start":{"line":317,"column":16},"end":{"line":317,"column":75},"skip":true},"80":{"start":{"line":318,"column":16},"end":{"line":318,"column":23},"skip":true},"81":{"start":{"line":320,"column":12},"end":{"line":320,"column":38},"skip":true},"82":{"start":{"line":321,"column":12},"end":{"line":321,"column":27},"skip":true},"83":{"start":{"line":323,"column":8},"end":{"line":323,"column":14},"skip":true}},"branchMap":{"1":{"line":39,"type":"binary-expr","locations":[{"start":{"line":39,"column":23},"end":{"line":39,"column":62}},{"start":{"line":40,"column":20},"end":{"line":40,"column":70}},{"start":{"line":41,"column":20},"end":{"line":41,"column":71}},{"start":{"line":42,"column":20},"end":{"line":42,"column":29}}]},"2":{"line":44,"type":"binary-expr","locations":[{"start":{"line":44,"column":23},"end":{"line":44,"column":37}},{"start":{"line":45,"column":20},"end":{"line":45,"column":61}},{"start":{"line":46,"column":20},"end":{"line":46,"column":70}},{"start":{"line":47,"column":20},"end":{"line":47,"column":26}}]},"3":{"line":51,"type":"cond-expr","locations":[{"start":{"line":52,"column":14},"end":{"line":52,"column":20}},{"start":{"line":53,"column":14},"end":{"line":53,"column":20}}]},"4":{"line":55,"type":"binary-expr","locations":[{"start":{"line":55,"column":16},"end":{"line":55,"column":44}},{"start":{"line":55,"column":49},"end":{"line":57,"column":43}}]},"5":{"line":55,"type":"cond-expr","locations":[{"start":{"line":56,"column":14},"end":{"line":56,"column":46}},{"start":{"line":57,"column":14},"end":{"line":57,"column":43}}]},"6":{"line":61,"type":"switch","locations":[{"start":{"line":68,"column":4},"end":{"line":150,"column":14},"skip":true},{"start":{"line":156,"column":4},"end":{"line":323,"column":14},"skip":true}]},"7":{"line":70,"type":"if","locations":[{"start":{"line":70,"column":12},"end":{"line":70,"column":12},"skip":true},{"start":{"line":70,"column":12},"end":{"line":70,"column":12},"skip":true}]},"8":{"line":70,"type":"binary-expr","locations":[{"start":{"line":70,"column":16},"end":{"line":70,"column":22},"skip":true},{"start":{"line":70,"column":27},"end":{"line":70,"column":32},"skip":true},{"start":{"line":71,"column":20},"end":{"line":71,"column":39},"skip":true},{"start":{"line":72,"column":20},"end":{"line":72,"column":49},"skip":true},{"start":{"line":73,"column":20},"end":{"line":73,"column":58},"skip":true},{"start":{"line":74,"column":20},"end":{"line":74,"column":69},"skip":true}]},"9":{"line":79,"type":"switch","locations":[{"start":{"line":80,"column":20},"end":{"line":80,"column":33},"skip":true},{"start":{"line":81,"column":20},"end":{"line":83,"column":30},"skip":true},{"start":{"line":84,"column":20},"end":{"line":85,"column":49},"skip":true}]},"10":{"line":89,"type":"switch","locations":[{"start":{"line":90,"column":12},"end":{"line":103,"column":22},"skip":true},{"start":{"line":105,"column":12},"end":{"line":106,"column":22},"skip":true}]},"11":{"line":89,"type":"binary-expr","locations":[{"start":{"line":89,"column":20},"end":{"line":89,"column":25},"skip":true},{"start":{"line":89,"column":29},"end":{"line":89,"column":48},"skip":true},{"start":{"line":89,"column":52},"end":{"line":89,"column":74},"skip":true}]},"12":{"line":92,"type":"if","locations":[{"start":{"line":92,"column":16},"end":{"line":92,"column":16},"skip":true},{"start":{"line":92,"column":16},"end":{"line":92,"column":16},"skip":true}]},"13":{"line":108,"type":"if","locations":[{"start":{"line":108,"column":12},"end":{"line":108,"column":12},"skip":true},{"start":{"line":108,"column":12},"end":{"line":108,"column":12},"skip":true}]},"14":{"line":108,"type":"binary-expr","locations":[{"start":{"line":108,"column":16},"end":{"line":108,"column":61},"skip":true},{"start":{"line":108,"column":66},"end":{"line":108,"column":72},"skip":true},{"start":{"line":108,"column":77},"end":{"line":108,"column":82},"skip":true},{"start":{"line":109,"column":20},"end":{"line":109,"column":39},"skip":true},{"start":{"line":110,"column":20},"end":{"line":110,"column":49},"skip":true},{"start":{"line":111,"column":20},"end":{"line":111,"column":58},"skip":true},{"start":{"line":112,"column":20},"end":{"line":112,"column":68},"skip":true}]},"15":{"line":129,"type":"if","locations":[{"start":{"line":129,"column":16},"end":{"line":129,"column":16},"skip":true},{"start":{"line":129,"column":16},"end":{"line":129,"column":16},"skip":true}]},"16":{"line":134,"type":"cond-expr","locations":[{"start":{"line":135,"column":26},"end":{"line":135,"column":29},"skip":true},{"start":{"line":136,"column":26},"end":{"line":136,"column":54},"skip":true}]},"17":{"line":164,"type":"binary-expr","locations":[{"start":{"line":164,"column":27},"end":{"line":164,"column":43},"skip":true},{"start":{"line":164,"column":47},"end":{"line":164,"column":49},"skip":true}]},"18":{"line":258,"type":"if","locations":[{"start":{"line":258,"column":8},"end":{"line":258,"column":8},"skip":true},{"start":{"line":258,"column":8},"end":{"line":258,"column":8},"skip":true}]},"19":{"line":275,"type":"switch","locations":[{"start":{"line":276,"column":20},"end":{"line":277,"column":64},"skip":true},{"start":{"line":278,"column":20},"end":{"line":279,"column":40},"skip":true},{"start":{"line":280,"column":20},"end":{"line":281,"column":40},"skip":true},{"start":{"line":282,"column":20},"end":{"line":283,"column":39},"skip":true}]},"20":{"line":288,"type":"if","locations":[{"start":{"line":288,"column":8},"end":{"line":288,"column":8},"skip":true},{"start":{"line":288,"column":8},"end":{"line":288,"column":8},"skip":true}]},"21":{"line":288,"type":"binary-expr","locations":[{"start":{"line":288,"column":12},"end":{"line":288,"column":40},"skip":true},{"start":{"line":288,"column":44},"end":{"line":288,"column":67},"skip":true}]},"22":{"line":292,"type":"binary-expr","locations":[{"start":{"line":292,"column":12},"end":{"line":292,"column":50},"skip":true},{"start":{"line":293,"column":12},"end":{"line":293,"column":53},"skip":true}]},"23":{"line":295,"type":"binary-expr","locations":[{"start":{"line":295,"column":12},"end":{"line":295,"column":60},"skip":true},{"start":{"line":296,"column":12},"end":{"line":301,"column":36},"skip":true}]},"24":{"line":302,"type":"binary-expr","locations":[{"start":{"line":302,"column":43},"end":{"line":302,"column":75},"skip":true},{"start":{"line":302,"column":79},"end":{"line":302,"column":81},"skip":true}]},"25":{"line":305,"type":"if","locations":[{"start":{"line":305,"column":8},"end":{"line":305,"column":8},"skip":true},{"start":{"line":305,"column":8},"end":{"line":305,"column":8},"skip":true}]},"26":{"line":309,"type":"if","locations":[{"start":{"line":309,"column":8},"end":{"line":309,"column":8},"skip":true},{"start":{"line":309,"column":8},"end":{"line":309,"column":8},"skip":true}]},"27":{"line":312,"type":"binary-expr","locations":[{"start":{"line":312,"column":27},"end":{"line":312,"column":43},"skip":true},{"start":{"line":312,"column":47},"end":{"line":312,"column":53},"skip":true}]},"28":{"line":316,"type":"if","locations":[{"start":{"line":316,"column":12},"end":{"line":316,"column":12},"skip":true},{"start":{"line":316,"column":12},"end":{"line":316,"column":12},"skip":true}]}},"code":["/*","example.js","","quickstart example","","instruction","    1. save this script as example.js","    2. run the shell command:","        $ npm install npmtest-gl && PORT=8081 node example.js","    3. play with the browser-demo on http://127.0.0.1:8081","*/","","","","/* istanbul instrument in package npmtest_gl */","/*jslint","    bitwise: true,","    browser: true,","    maxerr: 8,","    maxlen: 96,","    node: true,","    nomen: true,","    regexp: true,","    stupid: true","*/","(function () {","    'use strict';","    var local;","","","","    // run shared js-env code - pre-init","    (function () {","        // init local","        local = {};","        // init modeJs","        local.modeJs = (function () {","            try {","                return typeof navigator.userAgent === 'string' &&","                    typeof document.querySelector('body') === 'object' &&","                    typeof XMLHttpRequest.prototype.open === 'function' &&","                    'browser';","            } catch (errorCaughtBrowser) {","                return module.exports &&","                    typeof process.versions.node === 'string' &&","                    typeof require('http').createServer === 'function' &&","                    'node';","            }","        }());","        // init global","        local.global = local.modeJs === 'browser'","            ? window","            : global;","        // init utility2_rollup","        local = local.global.utility2_rollup || (local.modeJs === 'browser'","            ? local.global.utility2_npmtest_gl","            : global.utility2_moduleExports);","        // export local","        local.global.local = local;","    }());","    switch (local.modeJs) {","","","","    // post-init","    // run browser js-env code - post-init","    /* istanbul ignore next */","    case 'browser':","        local.testRunBrowser = function (event) {","            if (!event || (event &&","                    event.currentTarget &&","                    event.currentTarget.className &&","                    event.currentTarget.className.includes &&","                    event.currentTarget.className.includes('onreset'))) {","                // reset output","                Array.from(","                    document.querySelectorAll('body > .resettable')","                ).forEach(function (element) {","                    switch (element.tagName) {","                    case 'INPUT':","                    case 'TEXTAREA':","                        element.value = '';","                        break;","                    default:","                        element.textContent = '';","                    }","                });","            }","            switch (event && event.currentTarget && event.currentTarget.id) {","            case 'testRunButton1':","                // show tests","                if (document.querySelector('#testReportDiv1').style.display === 'none') {","                    document.querySelector('#testReportDiv1').style.display = 'block';","                    document.querySelector('#testRunButton1').textContent =","                        'hide internal test';","                    local.modeTest = true;","                    local.testRunDefault(local);","                // hide tests","                } else {","                    document.querySelector('#testReportDiv1').style.display = 'none';","                    document.querySelector('#testRunButton1').textContent = 'run internal test';","                }","                break;","            // custom-case","            default:","                break;","            }","            if (document.querySelector('#inputTextareaEval1') && (!event || (event &&","                    event.currentTarget &&","                    event.currentTarget.className &&","                    event.currentTarget.className.includes &&","                    event.currentTarget.className.includes('oneval')))) {","                // try to eval input-code","                try {","                    /*jslint evil: true*/","                    eval(document.querySelector('#inputTextareaEval1').value);","                } catch (errorCaught) {","                    console.error(errorCaught);","                }","            }","        };","        // log stderr and stdout to #outputTextareaStdout1","        ['error', 'log'].forEach(function (key) {","            console[key + '_original'] = console[key];","            console[key] = function () {","                var element;","                console[key + '_original'].apply(console, arguments);","                element = document.querySelector('#outputTextareaStdout1');","                if (!element) {","                    return;","                }","                // append text to #outputTextareaStdout1","                element.value += Array.from(arguments).map(function (arg) {","                    return typeof arg === 'string'","                        ? arg","                        : JSON.stringify(arg, null, 4);","                }).join(' ') + '\\n';","                // scroll textarea to bottom","                element.scrollTop = element.scrollHeight;","            };","        });","        // init event-handling","        ['change', 'click', 'keyup'].forEach(function (event) {","            Array.from(document.querySelectorAll('.on' + event)).forEach(function (element) {","                element.addEventListener(event, local.testRunBrowser);","            });","        });","        // run tests","        local.testRunBrowser();","        break;","","","","    // run node js-env code - post-init","    /* istanbul ignore next */","    case 'node':","        // export local","        module.exports = local;","        // require modules","        local.fs = require('fs');","        local.http = require('http');","        local.url = require('url');","        // init assets","        local.assetsDict = local.assetsDict || {};","        /* jslint-ignore-begin */","        local.assetsDict['/assets.index.template.html'] = '\\","<!doctype html>\\n\\","<html lang=\"en\">\\n\\","<head>\\n\\","<meta charset=\"UTF-8\">\\n\\","<meta name=\"viewport\" content=\"width=device-width, initial-scale=1\">\\n\\","<title>{{env.npm_package_name}} (v{{env.npm_package_version}})</title>\\n\\","<style>\\n\\","/*csslint\\n\\","    box-sizing: false,\\n\\","    universal-selector: false\\n\\","*/\\n\\","* {\\n\\","    box-sizing: border-box;\\n\\","}\\n\\","body {\\n\\","    background: #dde;\\n\\","    font-family: Arial, Helvetica, sans-serif;\\n\\","    margin: 2rem;\\n\\","}\\n\\","body > * {\\n\\","    margin-bottom: 1rem;\\n\\","}\\n\\",".utility2FooterDiv {\\n\\","    margin-top: 20px;\\n\\","    text-align: center;\\n\\","}\\n\\","</style>\\n\\","<style>\\n\\","/*csslint\\n\\","*/\\n\\","textarea {\\n\\","    font-family: monospace;\\n\\","    height: 10rem;\\n\\","    width: 100%;\\n\\","}\\n\\","textarea[readonly] {\\n\\","    background: #ddd;\\n\\","}\\n\\","</style>\\n\\","</head>\\n\\","<body>\\n\\","<!-- utility2-comment\\n\\","<div id=\"ajaxProgressDiv1\" style=\"background: #d00; height: 2px; left: 0; margin: 0; padding: 0; position: fixed; top: 0; transition: background 0.5s, width 1.5s; width: 25%;\"></div>\\n\\","utility2-comment -->\\n\\","<h1>\\n\\","<!-- utility2-comment\\n\\","    <a\\n\\","        {{#if env.npm_package_homepage}}\\n\\","        href=\"{{env.npm_package_homepage}}\"\\n\\","        {{/if env.npm_package_homepage}}\\n\\","        target=\"_blank\"\\n\\","    >\\n\\","utility2-comment -->\\n\\","        {{env.npm_package_name}} (v{{env.npm_package_version}})\\n\\","<!-- utility2-comment\\n\\","    </a>\\n\\","utility2-comment -->\\n\\","</h1>\\n\\","<h3>{{env.npm_package_description}}</h3>\\n\\","<!-- utility2-comment\\n\\","<h4><a download href=\"assets.app.js\">download standalone app</a></h4>\\n\\","<button class=\"onclick onreset\" id=\"testRunButton1\">run internal test</button><br>\\n\\","<div id=\"testReportDiv1\" style=\"display: none;\"></div>\\n\\","utility2-comment -->\\n\\","\\n\\","\\n\\","\\n\\","<label>stderr and stdout</label>\\n\\","<textarea class=\"resettable\" id=\"outputTextareaStdout1\" readonly></textarea>\\n\\","<!-- utility2-comment\\n\\","{{#if isRollup}}\\n\\","<script src=\"assets.app.js\"></script>\\n\\","{{#unless isRollup}}\\n\\","utility2-comment -->\\n\\","<script src=\"assets.utility2.rollup.js\"></script>\\n\\","<script src=\"jsonp.utility2._stateInit?callback=window.utility2._stateInit\"></script>\\n\\","<script src=\"assets.npmtest_gl.rollup.js\"></script>\\n\\","<script src=\"assets.example.js\"></script>\\n\\","<script src=\"assets.test.js\"></script>\\n\\","<!-- utility2-comment\\n\\","{{/if isRollup}}\\n\\","utility2-comment -->\\n\\","<div class=\"utility2FooterDiv\">\\n\\","    [ this app was created with\\n\\","    <a href=\"https://github.com/kaizhu256/node-utility2\" target=\"_blank\">utility2</a>\\n\\","    ]\\n\\","</div>\\n\\","</body>\\n\\","</html>\\n\\","';","        /* jslint-ignore-end */","        if (local.templateRender) {","            local.assetsDict['/'] = local.templateRender(","                local.assetsDict['/assets.index.template.html'],","                {","                    env: local.objectSetDefault(local.env, {","                        npm_package_description: 'the greatest app in the world!',","                        npm_package_name: 'my-app',","                        npm_package_nameAlias: 'my_app',","                        npm_package_version: '0.0.1'","                    })","                }","            );","        } else {","            local.assetsDict['/'] = local.assetsDict['/assets.index.template.html']","                .replace((/\\{\\{env\\.(\\w+?)\\}\\}/g), function (match0, match1) {","                    // jslint-hack","                    String(match0);","                    switch (match1) {","                    case 'npm_package_description':","                        return 'the greatest app in the world!';","                    case 'npm_package_name':","                        return 'my-app';","                    case 'npm_package_nameAlias':","                        return 'my_app';","                    case 'npm_package_version':","                        return '0.0.1';","                    }","                });","        }","        // run the cli","        if (local.global.utility2_rollup || module !== require.main) {","            break;","        }","        local.assetsDict['/assets.example.js'] =","            local.assetsDict['/assets.example.js'] ||","            local.fs.readFileSync(__filename, 'utf8');","        local.assetsDict['/assets.npmtest_gl.rollup.js'] =","            local.assetsDict['/assets.npmtest_gl.rollup.js'] ||","            local.fs.readFileSync(","                // buildCustomOrg-hack","                local.npmtest_gl.__dirname +","                    '/lib.npmtest_gl.js',","                'utf8'","            ).replace((/^#!/), '//');","        local.assetsDict['/favicon.ico'] = local.assetsDict['/favicon.ico'] || '';","        // if $npm_config_timeout_exit exists,","        // then exit this process after $npm_config_timeout_exit ms","        if (Number(process.env.npm_config_timeout_exit)) {","            setTimeout(process.exit, Number(process.env.npm_config_timeout_exit));","        }","        // start server","        if (local.global.utility2_serverHttp1) {","            break;","        }","        process.env.PORT = process.env.PORT || '8081';","        console.error('server starting on port ' + process.env.PORT);","        local.http.createServer(function (request, response) {","            request.urlParsed = local.url.parse(request.url);","            if (local.assetsDict[request.urlParsed.pathname] !== undefined) {","                response.end(local.assetsDict[request.urlParsed.pathname]);","                return;","            }","            response.statusCode = 404;","            response.end();","        }).listen(process.env.PORT);","        break;","    }","}());",""],"l":{"26":2,"28":2,"33":2,"35":2,"37":2,"38":2,"39":2,"44":1,"51":2,"55":2,"59":2,"61":2,"69":1,"70":2,"76":2,"79":2,"82":2,"83":2,"85":1,"89":2,"92":1,"93":1,"94":1,"96":1,"97":1,"100":1,"101":1,"103":1,"106":1,"108":2,"114":1,"116":1,"118":1,"123":1,"124":2,"125":2,"126":2,"127":2,"128":2,"129":2,"130":1,"133":2,"134":2,"139":2,"143":1,"144":3,"145":1,"149":1,"150":1,"158":1,"160":1,"161":1,"162":1,"164":1,"166":1,"258":1,"259":1,"271":1,"274":6,"275":6,"277":1,"279":2,"281":1,"283":2,"288":1,"289":1,"291":1,"294":1,"302":1,"305":1,"306":1,"309":1,"310":1,"312":1,"313":1,"314":1,"315":1,"316":1,"317":1,"318":1,"320":1,"321":1,"323":1}},"/home/travis/build/npmtest/node-npmtest-gl/node_modules/gl/index.js":{"path":"/home/travis/build/npmtest/node-npmtest-gl/node_modules/gl/index.js","s":{"1":1,"2":0,"3":1},"b":{"1":[0,1]},"f":{},"fnMap":{},"statementMap":{"1":{"start":{"line":1,"column":0},"end":{"line":5,"column":1}},"2":{"start":{"line":2,"column":2},"end":{"line":2,"column":45}},"3":{"start":{"line":4,"column":2},"end":{"line":4,"column":42}}},"branchMap":{"1":{"line":1,"type":"if","locations":[{"start":{"line":1,"column":0},"end":{"line":1,"column":0}},{"start":{"line":1,"column":0},"end":{"line":1,"column":0}}]}},"code":["if (typeof WebGLRenderingContext !== 'undefined') {","  module.exports = require('./browser_index')","} else {","  module.exports = require('./node_index')","}",""],"l":{"1":1,"2":0,"4":1}},"/home/travis/build/npmtest/node-npmtest-gl/node_modules/gl/node_index.js":{"path":"/home/travis/build/npmtest/node-npmtest-gl/node_modules/gl/node_index.js","s":{"1":1,"2":1,"3":1,"4":1,"5":1,"6":0,"7":0,"8":0,"9":1,"10":0,"11":0,"12":0,"13":0,"14":0,"15":0,"16":0,"17":0,"18":0,"19":0,"20":0,"21":0,"22":0,"23":0,"24":0,"25":0,"26":0,"27":0,"28":0,"29":0,"30":0,"31":0,"32":0,"33":0,"34":0,"35":0,"36":0,"37":0,"38":0,"39":0,"40":0,"41":0,"42":0,"43":0,"44":0,"45":0,"46":0,"47":0,"48":0,"49":0,"50":0,"51":0,"52":0,"53":0,"54":0,"55":0,"56":0,"57":0,"58":0,"59":0,"60":0,"61":0,"62":0,"63":0,"64":0,"65":0,"66":0,"67":0,"68":0,"69":1},"b":{"1":[0,0],"2":[0,0,0],"3":[0,0],"4":[0,0],"5":[0,0],"6":[0,0]},"f":{"1":0,"2":0},"fnMap":{"1":{"name":"flag","line":7,"loc":{"start":{"line":7,"column":0},"end":{"line":7,"column":36}}},"2":{"name":"createContext","line":14,"loc":{"start":{"line":14,"column":0},"end":{"line":14,"column":48}}}},"statementMap":{"1":{"start":{"line":1,"column":0},"end":{"line":1,"column":33}},"2":{"start":{"line":2,"column":0},"end":{"line":2,"column":30}},"3":{"start":{"line":3,"column":0},"end":{"line":3,"column":28}},"4":{"start":{"line":5,"column":0},"end":{"line":5,"column":23}},"5":{"start":{"line":7,"column":0},"end":{"line":12,"column":1}},"6":{"start":{"line":8,"column":2},"end":{"line":10,"column":3}},"7":{"start":{"line":9,"column":4},"end":{"line":9,"column":15}},"8":{"start":{"line":11,"column":2},"end":{"line":11,"column":24}},"9":{"start":{"line":14,"column":0},"end":{"line":127,"column":1}},"10":{"start":{"line":15,"column":2},"end":{"line":15,"column":7}},"11":{"start":{"line":17,"column":2},"end":{"line":17,"column":19}},"12":{"start":{"line":18,"column":2},"end":{"line":18,"column":21}},"13":{"start":{"line":19,"column":2},"end":{"line":21,"column":3}},"14":{"start":{"line":20,"column":4},"end":{"line":20,"column":15}},"15":{"start":{"line":23,"column":2},"end":{"line":31,"column":57}},"16":{"start":{"line":34,"column":2},"end":{"line":35,"column":67}},"17":{"start":{"line":37,"column":2},"end":{"line":37,"column":8}},"18":{"start":{"line":38,"column":2},"end":{"line":50,"column":16}},"19":{"start":{"line":39,"column":4},"end":{"line":49,"column":53}},"20":{"start":{"line":51,"column":2},"end":{"line":53,"column":3}},"21":{"start":{"line":52,"column":4},"end":{"line":52,"column":15}},"22":{"start":{"line":55,"column":2},"end":{"line":55,"column":31}},"23":{"start":{"line":56,"column":2},"end":{"line":56,"column":33}},"24":{"start":{"line":58,"column":2},"end":{"line":58,"column":26}},"25":{"start":{"line":60,"column":2},"end":{"line":60,"column":43}},"26":{"start":{"line":62,"column":2},"end":{"line":62,"column":21}},"27":{"start":{"line":63,"column":2},"end":{"line":63,"column":19}},"28":{"start":{"line":64,"column":2},"end":{"line":64,"column":18}},"29":{"start":{"line":65,"column":2},"end":{"line":65,"column":18}},"30":{"start":{"line":66,"column":2},"end":{"line":66,"column":19}},"31":{"start":{"line":67,"column":2},"end":{"line":67,"column":23}},"32":{"start":{"line":68,"column":2},"end":{"line":68,"column":24}},"33":{"start":{"line":70,"column":2},"end":{"line":70,"column":26}},"34":{"start":{"line":71,"column":2},"end":{"line":71,"column":30}},"35":{"start":{"line":72,"column":2},"end":{"line":72,"column":30}},"36":{"start":{"line":73,"column":2},"end":{"line":73,"column":37}},"37":{"start":{"line":74,"column":2},"end":{"line":74,"column":31}},"38":{"start":{"line":77,"column":2},"end":{"line":77,"column":72}},"39":{"start":{"line":78,"column":2},"end":{"line":78,"column":43}},"40":{"start":{"line":79,"column":2},"end":{"line":81,"column":3}},"41":{"start":{"line":80,"column":4},"end":{"line":80,"column":55}},"42":{"start":{"line":82,"column":2},"end":{"line":82,"column":27}},"43":{"start":{"line":83,"column":2},"end":{"line":83,"column":31}},"44":{"start":{"line":85,"column":2},"end":{"line":85,"column":21}},"45":{"start":{"line":88,"column":2},"end":{"line":88,"column":57}},"46":{"start":{"line":89,"column":2},"end":{"line":89,"column":43}},"47":{"start":{"line":90,"column":2},"end":{"line":92,"column":3}},"48":{"start":{"line":91,"column":4},"end":{"line":91,"column":64}},"49":{"start":{"line":95,"column":2},"end":{"line":95,"column":59}},"50":{"start":{"line":96,"column":2},"end":{"line":96,"column":68}},"51":{"start":{"line":97,"column":2},"end":{"line":97,"column":68}},"52":{"start":{"line":98,"column":2},"end":{"line":98,"column":68}},"53":{"start":{"line":101,"column":2},"end":{"line":101,"column":25}},"54":{"start":{"line":102,"column":2},"end":{"line":102,"column":23}},"55":{"start":{"line":105,"column":2},"end":{"line":105,"column":48}},"56":{"start":{"line":107,"column":2},"end":{"line":107,"column":39}},"57":{"start":{"line":108,"column":2},"end":{"line":108,"column":35}},"58":{"start":{"line":111,"column":2},"end":{"line":111,"column":38}},"59":{"start":{"line":112,"column":2},"end":{"line":112,"column":46}},"60":{"start":{"line":113,"column":2},"end":{"line":113,"column":42}},"61":{"start":{"line":114,"column":2},"end":{"line":114,"column":44}},"62":{"start":{"line":117,"column":2},"end":{"line":117,"column":34}},"63":{"start":{"line":118,"column":2},"end":{"line":118,"column":33}},"64":{"start":{"line":121,"column":2},"end":{"line":121,"column":18}},"65":{"start":{"line":122,"column":2},"end":{"line":122,"column":27}},"66":{"start":{"line":123,"column":2},"end":{"line":123,"column":20}},"67":{"start":{"line":124,"column":2},"end":{"line":124,"column":77}},"68":{"start":{"line":126,"column":2},"end":{"line":126,"column":17}},"69":{"start":{"line":129,"column":0},"end":{"line":129,"column":30}}},"branchMap":{"1":{"line":8,"type":"if","locations":[{"start":{"line":8,"column":2},"end":{"line":8,"column":2}},{"start":{"line":8,"column":2},"end":{"line":8,"column":2}}]},"2":{"line":8,"type":"binary-expr","locations":[{"start":{"line":8,"column":6},"end":{"line":8,"column":14}},{"start":{"line":8,"column":18},"end":{"line":8,"column":48}},{"start":{"line":8,"column":52},"end":{"line":8,"column":70}}]},"3":{"line":19,"type":"if","locations":[{"start":{"line":19,"column":2},"end":{"line":19,"column":2}},{"start":{"line":19,"column":2},"end":{"line":19,"column":2}}]},"4":{"line":19,"type":"binary-expr","locations":[{"start":{"line":19,"column":8},"end":{"line":19,"column":17}},{"start":{"line":19,"column":21},"end":{"line":19,"column":31}}]},"5":{"line":35,"type":"binary-expr","locations":[{"start":{"line":35,"column":4},"end":{"line":35,"column":40}},{"start":{"line":35,"column":44},"end":{"line":35,"column":67}}]},"6":{"line":51,"type":"if","locations":[{"start":{"line":51,"column":2},"end":{"line":51,"column":2}},{"start":{"line":51,"column":2},"end":{"line":51,"column":2}}]}},"code":["var bits = require('bit-twiddle')","var webgl = require('./webgl')","var wrap = require('./wrap')","","var CONTEXT_COUNTER = 0","","function flag (options, name, dflt) {","  if (!options || !(typeof options === 'object') || !(name in options)) {","    return dflt","  }","  return !!options[name]","}","","function createContext (width, height, options) {","  var i","","  width = width | 0","  height = height | 0","  if (!(width > 0 && height > 0)) {","    return null","  }","","  var contextAttributes = new webgl.WebGLContextAttributes(","    flag(options, 'alpha', true),","    flag(options, 'depth', true),","    flag(options, 'stencil', false),","    false, // flag(options, 'antialias', true),","    flag(options, 'premultipliedAlpha', true),","    flag(options, 'preserveDrawingBuffer', false),","    flag(options, 'preferLowPowerToHighPerformance', false),","    flag(options, 'failIfMajorPerformanceCaveat', false))","","  // Can only use premultipliedAlpha if alpha is set","  contextAttributes.premultipliedAlpha =","    contextAttributes.premultipliedAlpha && contextAttributes.alpha","","  var gl","  try {","    gl = new webgl.WebGLRenderingContext(","      1,","      1,","      contextAttributes.alpha,","      contextAttributes.depth,","      contextAttributes.stencil,","      contextAttributes.antialias,","      contextAttributes.premultipliedAlpha,","      contextAttributes.preserveDrawingBuffer,","      contextAttributes.preferLowPowerToHighPerformance,","      contextAttributes.failIfMajorPerformanceCaveat)","  } catch (e) {}","  if (!gl) {","    return null","  }","","  gl.drawingBufferWidth = width","  gl.drawingBufferHeight = height","","  gl._ = CONTEXT_COUNTER++","","  gl._contextattributes = contextAttributes","","  gl._extensions = {}","  gl._programs = {}","  gl._shaders = {}","  gl._buffers = {}","  gl._textures = {}","  gl._framebuffers = {}","  gl._renderbuffers = {}","","  gl._activeProgram = null","  gl._activeFramebuffer = null","  gl._activeArrayBuffer = null","  gl._activeElementArrayBuffer = null","  gl._activeRenderbuffer = null","","  // Initialize texture units","  var numTextures = gl.getParameter(gl.MAX_COMBINED_TEXTURE_IMAGE_UNITS)","  gl._textureUnits = new Array(numTextures)","  for (i = 0; i < numTextures; ++i) {","    gl._textureUnits[i] = new webgl.WebGLTextureUnit(i)","  }","  gl._activeTextureUnit = 0","  gl.activeTexture(gl.TEXTURE0)","","  gl._errorStack = []","","  // Initialize vertex attributes","  var numAttribs = gl.getParameter(gl.MAX_VERTEX_ATTRIBS)","  gl._vertexAttribs = new Array(numAttribs)","  for (i = 0; i < numAttribs; ++i) {","    gl._vertexAttribs[i] = new webgl.WebGLVertexAttribute(gl, i)","  }","","  // Store limits","  gl._maxTextureSize = gl.getParameter(gl.MAX_TEXTURE_SIZE)","  gl._maxTextureLevel = bits.log2(bits.nextPow2(gl._maxTextureSize))","  gl._maxCubeMapSize = gl.getParameter(gl.MAX_CUBE_MAP_TEXTURE_SIZE)","  gl._maxCubeMapLevel = bits.log2(bits.nextPow2(gl._maxCubeMapSize))","","  // Unpack alignment","  gl._unpackAlignment = 4","  gl._packAlignment = 4","","  // Allocate framebuffer","  webgl.allocateDrawingBuffer(gl, width, height)","","  var attrib0Buffer = gl.createBuffer()","  gl._attrib0Buffer = attrib0Buffer","","  // Initialize defaults","  gl.bindBuffer(gl.ARRAY_BUFFER, null)","  gl.bindBuffer(gl.ELEMENT_ARRAY_BUFFER, null)","  gl.bindFramebuffer(gl.FRAMEBUFFER, null)","  gl.bindRenderbuffer(gl.RENDERBUFFER, null)","","  // Set viewport and scissor","  gl.viewport(0, 0, width, height)","  gl.scissor(0, 0, width, height)","","  // Clear buffers","  gl.clearDepth(1)","  gl.clearColor(0, 0, 0, 0)","  gl.clearStencil(0)","  gl.clear(gl.COLOR_BUFFER_BIT | gl.DEPTH_BUFFER_BIT | gl.STENCIL_BUFFER_BIT)","","  return wrap(gl)","}","","module.exports = createContext",""],"l":{"1":1,"2":1,"3":1,"5":1,"7":1,"8":0,"9":0,"11":0,"14":1,"15":0,"17":0,"18":0,"19":0,"20":0,"23":0,"34":0,"37":0,"38":0,"39":0,"51":0,"52":0,"55":0,"56":0,"58":0,"60":0,"62":0,"63":0,"64":0,"65":0,"66":0,"67":0,"68":0,"70":0,"71":0,"72":0,"73":0,"74":0,"77":0,"78":0,"79":0,"80":0,"82":0,"83":0,"85":0,"88":0,"89":0,"90":0,"91":0,"95":0,"96":0,"97":0,"98":0,"101":0,"102":0,"105":0,"107":0,"108":0,"111":0,"112":0,"113":0,"114":0,"117":0,"118":0,"121":0,"122":0,"123":0,"124":0,"126":0,"129":1}},"/home/travis/build/npmtest/node-npmtest-gl/node_modules/gl/webgl.js":{"path":"/home/travis/build/npmtest/node-npmtest-gl/node_modules/gl/webgl.js","s":{"1":1,"2":1,"3":1,"4":1,"5":1,"6":1,"7":1,"8":1,"9":1,"10":1,"11":1,"12":1,"13":1,"14":1,"15":0,"16":0,"17":0,"18":0,"19":0,"20":0,"21":0,"22":0,"23":0,"24":0,"25":1,"26":1,"27":0,"28":0,"29":0,"30":0,"31":0,"32":0,"33":0,"34":0,"35":0,"36":1,"37":1,"38":0,"39":0,"40":0,"41":0,"42":0,"43":0,"44":0,"45":0,"46":1,"47":1,"48":0,"49":0,"50":0,"51":0,"52":0,"53":0,"54":0,"55":0,"56":0,"57":0,"58":0,"59":0,"60":0,"61":0,"62":0,"63":0,"64":0,"65":0,"66":0,"67":0,"68":0,"69":0,"70":0,"71":1,"72":1,"73":0,"74":0,"75":0,"76":0,"77":0,"78":0,"79":0,"80":0,"81":0,"82":1,"83":1,"84":0,"85":0,"86":0,"87":0,"88":0,"89":0,"90":0,"91":0,"92":0,"93":0,"94":1,"95":1,"96":0,"97":0,"98":0,"99":1,"100":1,"101":0,"102":0,"103":0,"104":1,"105":1,"106":0,"107":0,"108":0,"109":0,"110":0,"111":1,"112":1,"113":0,"114":0,"115":0,"116":0,"117":0,"118":0,"119":0,"120":0,"121":1,"122":1,"123":0,"124":0,"125":0,"126":0,"127":0,"128":0,"129":0,"130":0,"131":0,"132":0,"133":0,"134":0,"135":0,"136":1,"137":1,"138":0,"139":0,"140":0,"141":0,"142":0,"143":1,"144":1,"145":0,"146":0,"147":0,"148":1,"149":1,"150":1,"151":1,"152":1,"153":0,"154":1,"155":0,"156":0,"157":1,"158":0,"159":1,"160":0,"161":1,"162":0,"163":0,"164":0,"165":0,"166":0,"167":0,"168":1,"169":0,"170":1,"171":0,"172":0,"173":0,"174":0,"175":0,"176":0,"177":0,"178":0,"179":0,"180":0,"181":0,"182":0,"183":0,"184":0,"185":0,"186":0,"187":0,"188":0,"189":0,"190":0,"191":0,"192":0,"193":0,"194":0,"195":0,"196":0,"197":0,"198":0,"199":0,"200":0,"201":0,"202":0,"203":0,"204":0,"205":0,"206":0,"207":0,"208":0,"209":0,"210":0,"211":0,"212":0,"213":0,"214":0,"215":0,"216":0,"217":0,"218":0,"219":0,"220":0,"221":0,"222":0,"223":0,"224":0,"225":0,"226":0,"227":1,"228":0,"229":0,"230":0,"231":0,"232":0,"233":1,"234":0,"235":0,"236":0,"237":0,"238":0,"239":0,"240":0,"241":1,"242":0,"243":1,"244":0,"245":1,"246":0,"247":1,"248":0,"249":0,"250":0,"251":0,"252":0,"253":0,"254":0,"255":0,"256":0,"257":0,"258":0,"259":0,"260":1,"261":0,"262":0,"263":0,"264":0,"265":0,"266":1,"267":0,"268":0,"269":0,"270":0,"271":0,"272":0,"273":1,"274":0,"275":0,"276":0,"277":0,"278":0,"279":0,"280":0,"281":0,"282":0,"283":0,"284":0,"285":1,"286":0,"287":0,"288":0,"289":1,"290":0,"291":0,"292":0,"293":0,"294":0,"295":0,"296":0,"297":0,"298":0,"299":0,"300":1,"301":0,"302":1,"303":0,"304":0,"305":0,"306":0,"307":0,"308":1,"309":0,"310":1,"311":0,"312":1,"313":0,"314":1,"315":0,"316":1,"317":0,"318":0,"319":0,"320":0,"321":0,"322":0,"323":0,"324":1,"325":0,"326":0,"327":0,"328":0,"329":0,"330":0,"331":0,"332":0,"333":1,"334":0,"335":0,"336":0,"337":0,"338":0,"339":0,"340":0,"341":1,"342":0,"343":1,"344":0,"345":0,"346":0,"347":0,"348":1,"349":0,"350":0,"351":0,"352":0,"353":0,"354":1,"355":0,"356":0,"357":0,"358":0,"359":0,"360":0,"361":0,"362":0,"363":0,"364":0,"365":0,"366":0,"367":0,"368":0,"369":0,"370":0,"371":0,"372":0,"373":0,"374":0,"375":0,"376":1,"377":0,"378":0,"379":0,"380":0,"381":0,"382":1,"383":0,"384":0,"385":0,"386":0,"387":0,"388":0,"389":0,"390":0,"391":1,"392":0,"393":0,"394":0,"395":0,"396":0,"397":0,"398":0,"399":0,"400":1,"401":1,"402":0,"403":1,"404":0,"405":1,"406":0,"407":1,"408":1,"409":0,"410":0,"411":0,"412":0,"413":0,"414":0,"415":0,"416":0,"417":0,"418":0,"419":0,"420":0,"421":0,"422":0,"423":0,"424":0,"425":0,"426":0,"427":0,"428":0,"429":0,"430":0,"431":0,"432":0,"433":0,"434":0,"435":0,"436":0,"437":0,"438":0,"439":0,"440":0,"441":0,"442":0,"443":0,"444":0,"445":0,"446":0,"447":0,"448":0,"449":0,"450":0,"451":0,"452":0,"453":0,"454":0,"455":0,"456":0,"457":0,"458":0,"459":0,"460":0,"461":0,"462":0,"463":0,"464":0,"465":0,"466":0,"467":0,"468":0,"469":0,"470":0,"471":0,"472":0,"473":0,"474":0,"475":0,"476":0,"477":0,"478":0,"479":0,"480":0,"481":0,"482":0,"483":0,"484":0,"485":0,"486":0,"487":0,"488":0,"489":0,"490":0,"491":0,"492":0,"493":0,"494":0,"495":0,"496":0,"497":0,"498":0,"499":0,"500":0,"501":0,"502":0,"503":0,"504":0,"505":0,"506":0,"507":0,"508":0,"509":0,"510":0,"511":0,"512":0,"513":0,"514":0,"515":0,"516":0,"517":0,"518":0,"519":0,"520":0,"521":0,"522":0,"523":0,"524":0,"525":0,"526":0,"527":0,"528":0,"529":0,"530":0,"531":0,"532":0,"533":1,"534":0,"535":0,"536":0,"537":0,"538":0,"539":0,"540":0,"541":0,"542":0,"543":0,"544":0,"545":0,"546":0,"547":0,"548":0,"549":0,"550":1,"551":1,"552":0,"553":0,"554":0,"555":0,"556":0,"557":0,"558":1,"559":1,"560":0,"561":0,"562":0,"563":0,"564":0,"565":0,"566":0,"567":0,"568":0,"569":0,"570":0,"571":0,"572":0,"573":0,"574":0,"575":1,"576":1,"577":0,"578":0,"579":0,"580":0,"581":0,"582":0,"583":0,"584":0,"585":0,"586":0,"587":0,"588":1,"589":0,"590":0,"591":0,"592":0,"593":0,"594":0,"595":1,"596":1,"597":0,"598":0,"599":0,"600":0,"601":0,"602":0,"603":0,"604":0,"605":0,"606":0,"607":0,"608":0,"609":0,"610":0,"611":0,"612":0,"613":0,"614":0,"615":0,"616":0,"617":0,"618":0,"619":1,"620":1,"621":0,"622":0,"623":0,"624":0,"625":0,"626":0,"627":0,"628":0,"629":0,"630":0,"631":0,"632":0,"633":0,"634":0,"635":0,"636":0,"637":0,"638":0,"639":0,"640":0,"641":1,"642":1,"643":0,"644":0,"645":0,"646":0,"647":0,"648":0,"649":0,"650":0,"651":0,"652":0,"653":0,"654":0,"655":0,"656":0,"657":0,"658":0,"659":0,"660":0,"661":0,"662":0,"663":0,"664":0,"665":1,"666":1,"667":0,"668":0,"669":0,"670":0,"671":0,"672":0,"673":0,"674":0,"675":0,"676":0,"677":0,"678":0,"679":0,"680":0,"681":0,"682":0,"683":0,"684":0,"685":0,"686":0,"687":0,"688":0,"689":0,"690":0,"691":0,"692":0,"693":0,"694":0,"695":0,"696":0,"697":0,"698":0,"699":0,"700":0,"701":0,"702":0,"703":1,"704":1,"705":0,"706":1,"707":0,"708":1,"709":1,"710":0,"711":0,"712":0,"713":0,"714":1,"715":1,"716":0,"717":0,"718":0,"719":0,"720":0,"721":1,"722":0,"723":1,"724":0,"725":1,"726":1,"727":0,"728":0,"729":0,"730":0,"731":0,"732":0,"733":0,"734":0,"735":0,"736":1,"737":1,"738":0,"739":0,"740":0,"741":0,"742":0,"743":0,"744":0,"745":0,"746":0,"747":0,"748":0,"749":1,"750":1,"751":0,"752":0,"753":0,"754":0,"755":0,"756":0,"757":0,"758":0,"759":0,"760":0,"761":0,"762":0,"763":0,"764":0,"765":0,"766":0,"767":0,"768":0,"769":0,"770":0,"771":0,"772":0,"773":0,"774":0,"775":0,"776":0,"777":0,"778":0,"779":0,"780":0,"781":0,"782":0,"783":0,"784":0,"785":0,"786":0,"787":0,"788":0,"789":0,"790":0,"791":0,"792":0,"793":0,"794":0,"795":0,"796":0,"797":0,"798":1,"799":1,"800":0,"801":0,"802":0,"803":0,"804":0,"805":0,"806":0,"807":0,"808":0,"809":0,"810":0,"811":0,"812":0,"813":0,"814":0,"815":0,"816":0,"817":0,"818":0,"819":0,"820":0,"821":0,"822":0,"823":0,"824":0,"825":0,"826":0,"827":0,"828":0,"829":0,"830":1,"831":0,"832":0,"833":0,"834":0,"835":0,"836":0,"837":0,"838":1,"839":1,"840":0,"841":0,"842":0,"843":1,"844":1,"845":0,"846":1,"847":1,"848":0,"849":1,"850":1,"851":0,"852":1,"853":1,"854":0,"855":1,"856":1,"857":0,"858":0,"859":0,"860":1,"861":0,"862":0,"863":0,"864":0,"865":0,"866":0,"867":0,"868":0,"869":0,"870":0,"871":0,"872":0,"873":0,"874":0,"875":0,"876":0,"877":0,"878":0,"879":0,"880":0,"881":0,"882":0,"883":0,"884":0,"885":0,"886":0,"887":0,"888":1,"889":0,"890":0,"891":0,"892":0,"893":0,"894":0,"895":0,"896":0,"897":0,"898":0,"899":1,"900":1,"901":0,"902":0,"903":0,"904":0,"905":0,"906":0,"907":0,"908":0,"909":0,"910":0,"911":0,"912":0,"913":0,"914":0,"915":0,"916":0,"917":0,"918":0,"919":0,"920":0,"921":0,"922":0,"923":0,"924":0,"925":0,"926":0,"927":0,"928":0,"929":0,"930":0,"931":1,"932":1,"933":0,"934":0,"935":0,"936":0,"937":0,"938":0,"939":0,"940":0,"941":0,"942":0,"943":0,"944":0,"945":0,"946":0,"947":0,"948":0,"949":1,"950":1,"951":0,"952":1,"953":5,"954":5,"955":0,"956":0,"957":0,"958":0,"959":0,"960":0,"961":1,"962":1,"963":1,"964":1,"965":1,"966":1,"967":1,"968":1,"969":1,"970":1,"971":0,"972":0,"973":0,"974":0,"975":0,"976":0,"977":0,"978":0,"979":0,"980":0,"981":1,"982":2,"983":2,"984":0,"985":0,"986":0,"987":2,"988":0,"989":0,"990":0,"991":0,"992":0,"993":0,"994":0,"995":1,"996":1,"997":1,"998":1,"999":0,"1000":0,"1001":0,"1002":1,"1003":0,"1004":0,"1005":0,"1006":0,"1007":0,"1008":0,"1009":0,"1010":0,"1011":0,"1012":0,"1013":0,"1014":0,"1015":0,"1016":0,"1017":0,"1018":0,"1019":0,"1020":0,"1021":0,"1022":1,"1023":1,"1024":0,"1025":0,"1026":0,"1027":1,"1028":0,"1029":0,"1030":0,"1031":0,"1032":0,"1033":0,"1034":0,"1035":0,"1036":0,"1037":1,"1038":1,"1039":0,"1040":0,"1041":0,"1042":1,"1043":0,"1044":0,"1045":0,"1046":0,"1047":0,"1048":0,"1049":0,"1050":0,"1051":0,"1052":1,"1053":0,"1054":0,"1055":0,"1056":0,"1057":0,"1058":0,"1059":0,"1060":0,"1061":1,"1062":1,"1063":0,"1064":0,"1065":0,"1066":1,"1067":0,"1068":0,"1069":0,"1070":0,"1071":0,"1072":0,"1073":0,"1074":0,"1075":0,"1076":0,"1077":0,"1078":0,"1079":0,"1080":0,"1081":0,"1082":0,"1083":0,"1084":0,"1085":0,"1086":1,"1087":0,"1088":0,"1089":0,"1090":0,"1091":0,"1092":0,"1093":0,"1094":0,"1095":1,"1096":1,"1097":0,"1098":0,"1099":0,"1100":0,"1101":0,"1102":1,"1103":1,"1104":0,"1105":1,"1106":1,"1107":0,"1108":0,"1109":0,"1110":0,"1111":0,"1112":1,"1113":1,"1114":0,"1115":0,"1116":0,"1117":0,"1118":0,"1119":0,"1120":0,"1121":1,"1122":1,"1123":0,"1124":0,"1125":0,"1126":0,"1127":0,"1128":0,"1129":1,"1130":1,"1131":0,"1132":0,"1133":0,"1134":0,"1135":0,"1136":0,"1137":1,"1138":1,"1139":1,"1140":0,"1141":0,"1142":0,"1143":0,"1144":0,"1145":1,"1146":0,"1147":0,"1148":0,"1149":0,"1150":0,"1151":0,"1152":0,"1153":0,"1154":0,"1155":0,"1156":1,"1157":0,"1158":0,"1159":0,"1160":0,"1161":1,"1162":1,"1163":1,"1164":1,"1165":0,"1166":0,"1167":0,"1168":0,"1169":0,"1170":0,"1171":0,"1172":0,"1173":0,"1174":0,"1175":0,"1176":0,"1177":0,"1178":0,"1179":0,"1180":0,"1181":0,"1182":0,"1183":0,"1184":0,"1185":0,"1186":0,"1187":0,"1188":0,"1189":0,"1190":1,"1191":1,"1192":1,"1193":1,"1194":0,"1195":0,"1196":0,"1197":0,"1198":0,"1199":0,"1200":0,"1201":0,"1202":0,"1203":0,"1204":0,"1205":0,"1206":0,"1207":0,"1208":0,"1209":0,"1210":0,"1211":0,"1212":0,"1213":0,"1214":0,"1215":0,"1216":0,"1217":0,"1218":0,"1219":0,"1220":0,"1221":0,"1222":0,"1223":0,"1224":0,"1225":0,"1226":0,"1227":0,"1228":0,"1229":0,"1230":0,"1231":0,"1232":0,"1233":0,"1234":0,"1235":0,"1236":0,"1237":0,"1238":0,"1239":0,"1240":0,"1241":0,"1242":0,"1243":0,"1244":0,"1245":0,"1246":0,"1247":0,"1248":0,"1249":0,"1250":0,"1251":0,"1252":0,"1253":0,"1254":0,"1255":0,"1256":0,"1257":0,"1258":0,"1259":1,"1260":1,"1261":0,"1262":0,"1263":1,"1264":1,"1265":0,"1266":0,"1267":0,"1268":0,"1269":0,"1270":0,"1271":1,"1272":1,"1273":0,"1274":1,"1275":1,"1276":0,"1277":1,"1278":0,"1279":0,"1280":0,"1281":0,"1282":0,"1283":0,"1284":0,"1285":0,"1286":0,"1287":0,"1288":0,"1289":0,"1290":0,"1291":0,"1292":0,"1293":0,"1294":0,"1295":0,"1296":0,"1297":0,"1298":0,"1299":1,"1300":1,"1301":0,"1302":0,"1303":0,"1304":0,"1305":0,"1306":0,"1307":0,"1308":0,"1309":0,"1310":0,"1311":0,"1312":0,"1313":0,"1314":0,"1315":0,"1316":0,"1317":1,"1318":1,"1319":0,"1320":0,"1321":0,"1322":0,"1323":0,"1324":0,"1325":0,"1326":0,"1327":0,"1328":0,"1329":0,"1330":0,"1331":0,"1332":0,"1333":0,"1334":0,"1335":0,"1336":0,"1337":0,"1338":0,"1339":0,"1340":0,"1341":0,"1342":0,"1343":0,"1344":0,"1345":0,"1346":0,"1347":0,"1348":0,"1349":0,"1350":0,"1351":1,"1352":1,"1353":0,"1354":1,"1355":1,"1356":0,"1357":1,"1358":1,"1359":0,"1360":0,"1361":0,"1362":0,"1363":0,"1364":0,"1365":0,"1366":0,"1367":0,"1368":1,"1369":1,"1370":0,"1371":0,"1372":0,"1373":0,"1374":0,"1375":0,"1376":0,"1377":0,"1378":0,"1379":1,"1380":1,"1381":0,"1382":0,"1383":0,"1384":0,"1385":0,"1386":0,"1387":0,"1388":0,"1389":0,"1390":0,"1391":0,"1392":0,"1393":0,"1394":1,"1395":1,"1396":0,"1397":0,"1398":0,"1399":0,"1400":0,"1401":0,"1402":0,"1403":0,"1404":1,"1405":1,"1406":0,"1407":0,"1408":0,"1409":0,"1410":0,"1411":0,"1412":0,"1413":0,"1414":0,"1415":0,"1416":0,"1417":0,"1418":0,"1419":0,"1420":0,"1421":0,"1422":0,"1423":0,"1424":0,"1425":0,"1426":0,"1427":0,"1428":1,"1429":1,"1430":0,"1431":0,"1432":0,"1433":0,"1434":0,"1435":0,"1436":0,"1437":0,"1438":0,"1439":1,"1440":1,"1441":0,"1442":0,"1443":0,"1444":0,"1445":0,"1446":0,"1447":0,"1448":0,"1449":0,"1450":1,"1451":1,"1452":0,"1453":1,"1454":0,"1455":0,"1456":0,"1457":0,"1458":0,"1459":0,"1460":0,"1461":0,"1462":0,"1463":0,"1464":0,"1465":0,"1466":0,"1467":0,"1468":0,"1469":0,"1470":0,"1471":0,"1472":0,"1473":0,"1474":0,"1475":0,"1476":0,"1477":0,"1478":0,"1479":0,"1480":0,"1481":0,"1482":0,"1483":1,"1484":1,"1485":0,"1486":0,"1487":0,"1488":0,"1489":0,"1490":0,"1491":0,"1492":0,"1493":0,"1494":0,"1495":0,"1496":1,"1497":1,"1498":0,"1499":0,"1500":0,"1501":0,"1502":0,"1503":1,"1504":1,"1505":0,"1506":0,"1507":0,"1508":0,"1509":0,"1510":0,"1511":0,"1512":0,"1513":0,"1514":0,"1515":0,"1516":0,"1517":0,"1518":0,"1519":0,"1520":0,"1521":1,"1522":1,"1523":0,"1524":0,"1525":0,"1526":0,"1527":0,"1528":0,"1529":0,"1530":0,"1531":0,"1532":0,"1533":1,"1534":1,"1535":0,"1536":0,"1537":0,"1538":0,"1539":0,"1540":1,"1541":0,"1542":0,"1543":0,"1544":0,"1545":0,"1546":1,"1547":1,"1548":0,"1549":0,"1550":0,"1551":0,"1552":0,"1553":0,"1554":0,"1555":0,"1556":0,"1557":0,"1558":0,"1559":0,"1560":1,"1561":1,"1562":0,"1563":0,"1564":0,"1565":0,"1566":0,"1567":0,"1568":0,"1569":0,"1570":0,"1571":0,"1572":0,"1573":0,"1574":0,"1575":0,"1576":0,"1577":0,"1578":0,"1579":0,"1580":0,"1581":0,"1582":0,"1583":0,"1584":0,"1585":0,"1586":0,"1587":0,"1588":0,"1589":0,"1590":0,"1591":0,"1592":0,"1593":0,"1594":0,"1595":1,"1596":1,"1597":0,"1598":0,"1599":0,"1600":0,"1601":0,"1602":0,"1603":0,"1604":0,"1605":0,"1606":0,"1607":0,"1608":0,"1609":0,"1610":0,"1611":0,"1612":0,"1613":0,"1614":0,"1615":0,"1616":0,"1617":0,"1618":0,"1619":0,"1620":0,"1621":0,"1622":0,"1623":0,"1624":0,"1625":0,"1626":0,"1627":0,"1628":0,"1629":0,"1630":0,"1631":0,"1632":0,"1633":0,"1634":0,"1635":0,"1636":1,"1637":0,"1638":0,"1639":0,"1640":0,"1641":0,"1642":0,"1643":0,"1644":0,"1645":0,"1646":0,"1647":0,"1648":0,"1649":0,"1650":0,"1651":0,"1652":0,"1653":0,"1654":0,"1655":0,"1656":0,"1657":1,"1658":0,"1659":0,"1660":0,"1661":0,"1662":0,"1663":0,"1664":0,"1665":0,"1666":0,"1667":1,"1668":1,"1669":0,"1670":0,"1671":0,"1672":0,"1673":0,"1674":0,"1675":0,"1676":0,"1677":0,"1678":1,"1679":6,"1680":6,"1681":0,"1682":0,"1683":0,"1684":0,"1685":0,"1686":1,"1687":1,"1688":1,"1689":1,"1690":1,"1691":1,"1692":1,"1693":1,"1694":0,"1695":1,"1696":1,"1697":0,"1698":0,"1699":0,"1700":0,"1701":1,"1702":1,"1703":0,"1704":0,"1705":0,"1706":0,"1707":0,"1708":0,"1709":0,"1710":0,"1711":0,"1712":0,"1713":0,"1714":0,"1715":0,"1716":0,"1717":0,"1718":0,"1719":0,"1720":0,"1721":0,"1722":0,"1723":0,"1724":0,"1725":0,"1726":0,"1727":0,"1728":0,"1729":1,"1730":0,"1731":0,"1732":0,"1733":0,"1734":0,"1735":0,"1736":0,"1737":0,"1738":0,"1739":0,"1740":0,"1741":0,"1742":1,"1743":1,"1744":0,"1745":0,"1746":0,"1747":0,"1748":0,"1749":0,"1750":0,"1751":0,"1752":0,"1753":0,"1754":0,"1755":0,"1756":0,"1757":0,"1758":0,"1759":0,"1760":0,"1761":1,"1762":1,"1763":0,"1764":1,"1765":1,"1766":0,"1767":0,"1768":0,"1769":0,"1770":0,"1771":0,"1772":0,"1773":0,"1774":0,"1775":0,"1776":0,"1777":0,"1778":0,"1779":0,"1780":0,"1781":0,"1782":0,"1783":0,"1784":0,"1785":0,"1786":0,"1787":0,"1788":0,"1789":0,"1790":0,"1791":0,"1792":0,"1793":0,"1794":0,"1795":0,"1796":0,"1797":0,"1798":0,"1799":0,"1800":0,"1801":0,"1802":0,"1803":0,"1804":0,"1805":0,"1806":0,"1807":0,"1808":0,"1809":0,"1810":0,"1811":0,"1812":0,"1813":0,"1814":0,"1815":0,"1816":0,"1817":0,"1818":0,"1819":0,"1820":0,"1821":0,"1822":0,"1823":0,"1824":0,"1825":0,"1826":0,"1827":0,"1828":0,"1829":0,"1830":0,"1831":1,"1832":1,"1833":0,"1834":0,"1835":0,"1836":0,"1837":0,"1838":0,"1839":0,"1840":0,"1841":0,"1842":0,"1843":0,"1844":0,"1845":0,"1846":0,"1847":0,"1848":0,"1849":0,"1850":0,"1851":0,"1852":0,"1853":0,"1854":0,"1855":0,"1856":0,"1857":0,"1858":0,"1859":0,"1860":0,"1861":0,"1862":0,"1863":0,"1864":1,"1865":1,"1866":0,"1867":1,"1868":1,"1869":0,"1870":1,"1871":0,"1872":1,"1873":1,"1874":0,"1875":0,"1876":0,"1877":0,"1878":0,"1879":0,"1880":0,"1881":0,"1882":0,"1883":0,"1884":0,"1885":0,"1886":1,"1887":1,"1888":0,"1889":1,"1890":1,"1891":0,"1892":1,"1893":1,"1894":0,"1895":1,"1896":1,"1897":0,"1898":1,"1899":1,"1900":0,"1901":1,"1902":1,"1903":0,"1904":1,"1905":0,"1906":0,"1907":0,"1908":0,"1909":0,"1910":0,"1911":0,"1912":0,"1913":0,"1914":0,"1915":0,"1916":0,"1917":0,"1918":0,"1919":0,"1920":0,"1921":1,"1922":0,"1923":0,"1924":0,"1925":0,"1926":0,"1927":0,"1928":0,"1929":0,"1930":0,"1931":0,"1932":0,"1933":0,"1934":0,"1935":0,"1936":1,"1937":0,"1938":0,"1939":0,"1940":0,"1941":0,"1942":0,"1943":0,"1944":0,"1945":1,"1946":0,"1947":0,"1948":0,"1949":0,"1950":1,"1951":0,"1952":1,"1953":1,"1954":0,"1955":0,"1956":0,"1957":0,"1958":0,"1959":0,"1960":0,"1961":0,"1962":0,"1963":0,"1964":0,"1965":0,"1966":0,"1967":0,"1968":0,"1969":0,"1970":0,"1971":0,"1972":0,"1973":0,"1974":0,"1975":0,"1976":0,"1977":0,"1978":0,"1979":0,"1980":0,"1981":0,"1982":0,"1983":0,"1984":0,"1985":0,"1986":0,"1987":0,"1988":0,"1989":0,"1990":0,"1991":0,"1992":0,"1993":0,"1994":0,"1995":0,"1996":0,"1997":0,"1998":0,"1999":0,"2000":0,"2001":0,"2002":0,"2003":0,"2004":0,"2005":0,"2006":0,"2007":0,"2008":0,"2009":0,"2010":0,"2011":0,"2012":1,"2013":1,"2014":0,"2015":0,"2016":0,"2017":0,"2018":0,"2019":0,"2020":0,"2021":0,"2022":0,"2023":0,"2024":0,"2025":0,"2026":0,"2027":0,"2028":0,"2029":0,"2030":0,"2031":0,"2032":0,"2033":0,"2034":0,"2035":0,"2036":0,"2037":0,"2038":0,"2039":0,"2040":0,"2041":0,"2042":0,"2043":0,"2044":0,"2045":0,"2046":0,"2047":0,"2048":0,"2049":0,"2050":0,"2051":0,"2052":1,"2053":1,"2054":0,"2055":0,"2056":0,"2057":0,"2058":0,"2059":0,"2060":0,"2061":0,"2062":1,"2063":1,"2064":0,"2065":0,"2066":0,"2067":0,"2068":0,"2069":0,"2070":0,"2071":0,"2072":1,"2073":0,"2074":0,"2075":0,"2076":0,"2077":0,"2078":0,"2079":1,"2080":1,"2081":3,"2082":3,"2083":3,"2084":0,"2085":0,"2086":0,"2087":0,"2088":0,"2089":0,"2090":0,"2091":0,"2092":0,"2093":0,"2094":0,"2095":0,"2096":0,"2097":0,"2098":0,"2099":0,"2100":0,"2101":0,"2102":1,"2103":4,"2104":3,"2105":4,"2106":8,"2107":8,"2108":8,"2109":8,"2110":0,"2111":0,"2112":0,"2113":0,"2114":0,"2115":0,"2116":0,"2117":0,"2118":0,"2119":0,"2120":0,"2121":0,"2122":0,"2123":0,"2124":0,"2125":0,"2126":0,"2127":0,"2128":0,"2129":0,"2130":8,"2131":0,"2132":0,"2133":0,"2134":0,"2135":0,"2136":0,"2137":0,"2138":0,"2139":0,"2140":0,"2141":0,"2142":0,"2143":0,"2144":0,"2145":0,"2146":0,"2147":0,"2148":0,"2149":0,"2150":0,"2151":0,"2152":0,"2153":0,"2154":0,"2155":0,"2156":0,"2157":0,"2158":0,"2159":0,"2160":0,"2161":0,"2162":0,"2163":0,"2164":0,"2165":1,"2166":1,"2167":0,"2168":0,"2169":0,"2170":1,"2171":1,"2172":0,"2173":0,"2174":0,"2175":0,"2176":0,"2177":0,"2178":0,"2179":0,"2180":0,"2181":0,"2182":0,"2183":0,"2184":1,"2185":1,"2186":0,"2187":0,"2188":0,"2189":0,"2190":0,"2191":0,"2192":0,"2193":1,"2194":1,"2195":4,"2196":4,"2197":4,"2198":0,"2199":0,"2200":0,"2201":0,"2202":0,"2203":0,"2204":0,"2205":0,"2206":0,"2207":0,"2208":0,"2209":0,"2210":0,"2211":0,"2212":0,"2213":0,"2214":0,"2215":0,"2216":0,"2217":0,"2218":0,"2219":0,"2220":0,"2221":4,"2222":0,"2223":0,"2224":0,"2225":0,"2226":0,"2227":0,"2228":0,"2229":1,"22
[...]
    if(j-- + buf.length > 0) continue","        res = buf.slice(0, 1).join('')","      }","","      token(res)","","      start += res.length","      content = content.slice(res.length)","      return content.length","    } while(1)","  }","","  function hex() {","    if(/[^a-fA-F0-9]/.test(c)) {","      token(content.join(''))","      mode = NORMAL","      return i","    }","","    content.push(c)","    last = c","    return i + 1","  }","","  function integer() {","    if(c === '.') {","      content.push(c)","      mode = FLOAT","      last = c","      return i + 1","    }","","    if(/[eE]/.test(c)) {","      content.push(c)","      mode = FLOAT","      last = c","      return i + 1","    }","","    if(c === 'x' && content.length === 1 && content[0] === '0') {","      mode = HEX","      content.push(c)","      last = c","      return i + 1","    }","","    if(/[^\\d]/.test(c)) {","      token(content.join(''))","      mode = NORMAL","      return i","    }","","    content.push(c)","    last = c","    return i + 1","  }","","  function decimal() {","    if(c === 'f') {","      content.push(c)","      last = c","      i += 1","    }","","    if(/[eE]/.test(c)) {","      content.push(c)","      last = c","      return i + 1","    }","","    if (c === '-' && /[eE]/.test(last)) {","      content.push(c)","      last = c","      return i + 1","    }","","    if(/[^\\d]/.test(c)) {","      token(content.join(''))","      mode = NORMAL","      return i","    }","","    content.push(c)","    last = c","    return i + 1","  }","","  function readtoken() {","    if(/[^\\d\\w_]/.test(c)) {","      var contentstr = content.join('')","      if(allLiterals.indexOf(contentstr) > -1) {","        mode = KEYWORD","      } else if(allBuiltins.indexOf(contentstr) > -1) {","        mode = BUILTIN","      } else {","        mode = IDENT","      }","      token(content.join(''))","      mode = NORMAL","      return i","    }","    content.push(c)","    last = c","    return i + 1","  }","}",""],"l":{"1":1,"3":1,"9":1,"24":1,"39":1,"40":0,"57":0,"58":0,"59":0,"60":0,"61":0,"62":0,"65":0,"66":0,"67":0,"68":0,"71":1,"72":0,"73":0,"83":1,"84":0,"85":0,"86":0,"88":0,"90":0,"91":0,"93":0,"94":0,"95":0,"96":0,"97":0,"98":0,"99":0,"100":0,"101":0,"102":0,"103":0,"106":0,"107":0,"108":0,"109":0,"114":0,"115":0,"116":0,"119":1,"120":0,"121":0,"124":0,"125":0,"126":0,"129":1,"130":0,"132":0,"133":0,"134":0,"135":0,"136":0,"139":0,"140":0,"141":0,"142":0,"143":0,"146":0,"147":0,"148":0,"149":0,"152":0,"153":0,"154":0,"155":0,"158":0,"159":0,"161":0,"162":0,"163":0,"166":1,"167":0,"168":0,"169":0,"170":0,"172":0,"173":0,"174":0,"177":1,"178":0,"179":0,"180":0,"181":0,"183":0,"184":0,"185":0,"188":1,"189":0,"192":1,"193":0,"194":0,"195":0,"196":0,"197":0,"200":0,"201":0,"202":0,"205":1,"206":0,"207":0,"208":0,"211":0,"212":0,"213":0,"216":0,"217":0,"218":0,"221":0,"222":0,"224":0,"225":0,"228":0,"229":0,"230":0,"231":0,"232":0,"235":0,"236":0,"237":0,"238":0,"239":0,"242":0,"243":0,"244":0,"247":1,"248":0,"252":0,"253":0,"254":0,"256":0,"257":0,"258":0,"261":0,"263":0,"264":0,"265":0,"269":1,"270":0,"271":0,"272":0,"273":0,"276":0,"277":0,"278":0,"281":1,"282":0,"283":0,"284":0,"285":0,"286":0,"289":0,"290":0,"291":0,"292":0,"293":0,"296":0,"297":0,"298":0,"299":0,"300":0,"303":0,"304":0,"305":0,"306":0,"309":0,"310":0,"311":0,"314":1,"315":0,"316":0,"317":0,"318":0,"321":0,"322":0,"323":0,"324":0,"327":0,"328":0,"329":0,"330":0,"333":0,"334":0,"335":0,"336":0,"339":0,"340":0,"341":0,"344":1,"345":0,"346":0,"347":0,"348":0,"349":0,"350":0,"352":0,"354":0,"355":0,"356":0,"358":0,"359":0,"360":0}},"/home/travis/build/npmtest/node-npmtest-gl/node_modules/glsl-tokenizer/lib/literals.js":{"path":"/home/travis/build/npmtest/node-npmtest-gl/node_modules/glsl-tokenizer/lib/literals.js","s":{"1":1},"b":{},"f":{},"fnMap":{},"statementMap":{"1":{"start":{"line":1,"column":0},"end":{"line":93,"column":1}}},"branchMap":{},"code":["module.exports = [","  // current","    'precision'","  , 'highp'","  , 'mediump'","  , 'lowp'","  , 'attribute'","  , 'const'","  , 'uniform'","  , 'varying'","  , 'break'","  , 'continue'","  , 'do'","  , 'for'","  , 'while'","  , 'if'","  , 'else'","  , 'in'","  , 'out'","  , 'inout'","  , 'float'","  , 'int'","  , 'void'","  , 'bool'","  , 'true'","  , 'false'","  , 'discard'","  , 'return'","  , 'mat2'","  , 'mat3'","  , 'mat4'","  , 'vec2'","  , 'vec3'","  , 'vec4'","  , 'ivec2'","  , 'ivec3'","  , 'ivec4'","  , 'bvec2'","  , 'bvec3'","  , 'bvec4'","  , 'sampler1D'","  , 'sampler2D'","  , 'sampler3D'","  , 'samplerCube'","  , 'sampler1DShadow'","  , 'sampler2DShadow'","  , 'struct'","","  // future","  , 'asm'","  , 'class'","  , 'union'","  , 'enum'","  , 'typedef'","  , 'template'","  , 'this'","  , 'packed'","  , 'goto'","  , 'switch'","  , 'default'","  , 'inline'","  , 'noinline'","  , 'volatile'","  , 'public'","  , 'static'","  , 'extern'","  , 'external'","  , 'interface'","  , 'long'","  , 'short'","  , 'double'","  , 'half'","  , 'fixed'","  , 'unsigned'","  , 'input'","  , 'output'","  , 'hvec2'","  , 'hvec3'","  , 'hvec4'","  , 'dvec2'","  , 'dvec3'","  , 'dvec4'","  , 'fvec2'","  , 'fvec3'","  , 'fvec4'","  , 'sampler2DRect'","  , 'sampler3DRect'","  , 'sampler2DRectShadow'","  , 'sizeof'","  , 'cast'","  , 'namespace'","  , 'using'","]",""],"l":{"1":1}},"/home/travis/build/npmtest/node-npmtest-gl/node_modules/glsl-tokenizer/lib/operators.js":{"path":"/home/travis/build/npmtest/node-npmtest-gl/node_modules/glsl-tokenizer/lib/operators.js","s":{"1":1},"b":{},"f":{},"fnMap":{},"statementMap":{"1":{"start":{"line":1,"column":0},"end":{"line":47,"column":1}}},"branchMap":{},"code":["module.exports = [","    '<<='","  , '>>='","  , '++'","  , '--'","  , '<<'","  , '>>'","  , '<='","  , '>='","  , '=='","  , '!='","  , '&&'","  , '||'","  , '+='","  , '-='","  , '*='","  , '/='","  , '%='","  , '&='","  , '^^'","  , '^='","  , '|='","  , '('","  , ')'","  , '['","  , ']'","  , '.'","  , '!'","  , '~'","  , '*'","  , '/'","  , '%'","  , '+'","  , '-'","  , '<'","  , '>'","  , '&'","  , '^'","  , '|'","  , '?'","  , ':'","  , '='","  , ','","  , ';'","  , '{'","  , '}'","]",""],"l":{"1":1}},"/home/travis/build/npmtest/node-npmtest-gl/node_modules/glsl-tokenizer/lib/builtins.js":{"path":"/home/travis/build/npmtest/node-npmtest-gl/node_modules/glsl-tokenizer/lib/builtins.js","s":{"1":1},"b":{},"f":{},"fnMap":{},"statementMap":{"1":{"start":{"line":1,"column":0},"end":{"line":150,"column":1}}},"branchMap":{},"code":["module.exports = [","  // Keep this list sorted","  'abs'","  , 'acos'","  , 'all'","  , 'any'","  , 'asin'","  , 'atan'","  , 'ceil'","  , 'clamp'","  , 'cos'","  , 'cross'","  , 'dFdx'","  , 'dFdy'","  , 'degrees'","  , 'distance'","  , 'dot'","  , 'equal'","  , 'exp'","  , 'exp2'","  , 'faceforward'","  , 'floor'","  , 'fract'","  , 'gl_BackColor'","  , 'gl_BackLightModelProduct'","  , 'gl_BackLightProduct'","  , 'gl_BackMaterial'","  , 'gl_BackSecondaryColor'","  , 'gl_ClipPlane'","  , 'gl_ClipVertex'","  , 'gl_Color'","  , 'gl_DepthRange'","  , 'gl_DepthRangeParameters'","  , 'gl_EyePlaneQ'","  , 'gl_EyePlaneR'","  , 'gl_EyePlaneS'","  , 'gl_EyePlaneT'","  , 'gl_Fog'","  , 'gl_FogCoord'","  , 'gl_FogFragCoord'","  , 'gl_FogParameters'","  , 'gl_FragColor'","  , 'gl_FragCoord'","  , 'gl_FragData'","  , 'gl_FragDepth'","  , 'gl_FragDepthEXT'","  , 'gl_FrontColor'","  , 'gl_FrontFacing'","  , 'gl_FrontLightModelProduct'","  , 'gl_FrontLightProduct'","  , 'gl_FrontMaterial'","  , 'gl_FrontSecondaryColor'","  , 'gl_LightModel'","  , 'gl_LightModelParameters'","  , 'gl_LightModelProducts'","  , 'gl_LightProducts'","  , 'gl_LightSource'","  , 'gl_LightSourceParameters'","  , 'gl_MaterialParameters'","  , 'gl_MaxClipPlanes'","  , 'gl_MaxCombinedTextureImageUnits'","  , 'gl_MaxDrawBuffers'","  , 'gl_MaxFragmentUniformComponents'","  , 'gl_MaxLights'","  , 'gl_MaxTextureCoords'","  , 'gl_MaxTextureImageUnits'","  , 'gl_MaxTextureUnits'","  , 'gl_MaxVaryingFloats'","  , 'gl_MaxVertexAttribs'","  , 'gl_MaxVertexTextureImageUnits'","  , 'gl_MaxVertexUniformComponents'","  , 'gl_ModelViewMatrix'","  , 'gl_ModelViewMatrixInverse'","  , 'gl_ModelViewMatrixInverseTranspose'","  , 'gl_ModelViewMatrixTranspose'","  , 'gl_ModelViewProjectionMatrix'","  , 'gl_ModelViewProjectionMatrixInverse'","  , 'gl_ModelViewProjectionMatrixInverseTranspose'","  , 'gl_ModelViewProjectionMatrixTranspose'","  , 'gl_MultiTexCoord0'","  , 'gl_MultiTexCoord1'","  , 'gl_MultiTexCoord2'","  , 'gl_MultiTexCoord3'","  , 'gl_MultiTexCoord4'","  , 'gl_MultiTexCoord5'","  , 'gl_MultiTexCoord6'","  , 'gl_MultiTexCoord7'","  , 'gl_Normal'","  , 'gl_NormalMatrix'","  , 'gl_NormalScale'","  , 'gl_ObjectPlaneQ'","  , 'gl_ObjectPlaneR'","  , 'gl_ObjectPlaneS'","  , 'gl_ObjectPlaneT'","  , 'gl_Point'","  , 'gl_PointCoord'","  , 'gl_PointParameters'","  , 'gl_PointSize'","  , 'gl_Position'","  , 'gl_ProjectionMatrix'","  , 'gl_ProjectionMatrixInverse'","  , 'gl_ProjectionMatrixInverseTranspose'","  , 'gl_ProjectionMatrixTranspose'","  , 'gl_SecondaryColor'","  , 'gl_TexCoord'","  , 'gl_TextureEnvColor'","  , 'gl_TextureMatrix'","  , 'gl_TextureMatrixInverse'","  , 'gl_TextureMatrixInverseTranspose'","  , 'gl_TextureMatrixTranspose'","  , 'gl_Vertex'","  , 'greaterThan'","  , 'greaterThanEqual'","  , 'inversesqrt'","  , 'length'","  , 'lessThan'","  , 'lessThanEqual'","  , 'log'","  , 'log2'","  , 'matrixCompMult'","  , 'max'","  , 'min'","  , 'mix'","  , 'mod'","  , 'normalize'","  , 'not'","  , 'notEqual'","  , 'pow'","  , 'radians'","  , 'reflect'","  , 'refract'","  , 'sign'","  , 'sin'","  , 'smoothstep'","  , 'sqrt'","  , 'step'","  , 'tan'","  , 'texture2D'","  , 'texture2DLod'","  , 'texture2DProj'","  , 'texture2DProjLod'","  , 'textureCube'","  , 'textureCubeLod'","  , 'texture2DLodEXT'","  , 'texture2DProjLodEXT'","  , 'textureCubeLodEXT'","  , 'texture2DGradEXT'","  , 'texture2DProjGradEXT'","  , 'textureCubeGradEXT'","]",""],"l":{"1":1}},"/home/travis/build/npmtest/node-npmtest-gl/node_modules/glsl-tokenizer/lib/literals-300es.js":{"path":"/home/travis/build/npmtest/node-npmtest-gl/node_modules/glsl-tokenizer/lib/literals-300es.js","s":{"1":1,"2":1},"b":{},"f":{},"fnMap":{},"statementMap":{"1":{"start":{"line":1,"column":0},"end":{"line":1,"column":32}},"2":{"start":{"line":3,"column":0},"end":{"line":88,"column":2}}},"branchMap":{},"code":["var v100 = require('./literals')","","module.exports = v100.slice().concat([","   'layout'","  , 'centroid'","  , 'smooth'","  , 'case'","  , 'mat2x2'","  , 'mat2x3'","  , 'mat2x4'","  , 'mat3x2'","  , 'mat3x3'","  , 'mat3x4'","  , 'mat4x2'","  , 'mat4x3'","  , 'mat4x4'","  , 'uint'","  , 'uvec2'","  , 'uvec3'","  , 'uvec4'","  , 'samplerCubeShadow'","  , 'sampler2DArray'","  , 'sampler2DArrayShadow'","  , 'isampler2D'","  , 'isampler3D'","  , 'isamplerCube'","  , 'isampler2DArray'","  , 'usampler2D'","  , 'usampler3D'","  , 'usamplerCube'","  , 'usampler2DArray'","  , 'coherent'","  , 'restrict'","  , 'readonly'","  , 'writeonly'","  , 'resource'","  , 'atomic_uint'","  , 'noperspective'","  , 'patch'","  , 'sample'","  , 'subroutine'","  , 'common'","  , 'partition'","  , 'active'","  , 'filter'","  , 'image1D'","  , 'image2D'","  , 'image3D'","  , 'imageCube'","  , 'iimage1D'","  , 'iimage2D'","  , 'iimage3D'","  , 'iimageCube'","  , 'uimage1D'","  , 'uimage2D'","  , 'uimage3D'","  , 'uimageCube'","  , 'image1DArray'","  , 'image2DArray'","  , 'iimage1DArray'","  , 'iimage2DArray'","  , 'uimage1DArray'","  , 'uimage2DArray'","  , 'image1DShadow'","  , 'image2DShadow'","  , 'image1DArrayShadow'","  , 'image2DArrayShadow'","  , 'imageBuffer'","  , 'iimageBuffer'","  , 'uimageBuffer'","  , 'sampler1DArray'","  , 'sampler1DArrayShadow'","  , 'isampler1D'","  , 'isampler1DArray'","  , 'usampler1D'","  , 'usampler1DArray'","  , 'isampler2DRect'","  , 'usampler2DRect'","  , 'samplerBuffer'","  , 'isamplerBuffer'","  , 'usamplerBuffer'","  , 'sampler2DMS'","  , 'isampler2DMS'","  , 'usampler2DMS'","  , 'sampler2DMSArray'","  , 'isampler2DMSArray'","  , 'usampler2DMSArray'","])",""],"l":{"1":1,"3":1}},"/home/travis/build/npmtest/node-npmtest-gl/node_modules/glsl-tokenizer/lib/builtins-300es.js":{"path":"/home/travis/build/npmtest/node-npmtest-gl/node_modules/glsl-tokenizer/lib/builtins-300es.js","s":{"1":1,"2":1,"3":147,"4":1},"b":{},"f":{"1":147},"fnMap":{"1":{"name":"(anonymous_1)","line":6,"loc":{"start":{"line":6,"column":27},"end":{"line":6,"column":40}}}},"statementMap":{"1":{"start":{"line":2,"column":0},"end":{"line":2,"column":32}},"2":{"start":{"line":6,"column":0},"end":{"line":8,"column":2}},"3":{"start":{"line":7,"column":2},"end":{"line":7,"column":35}},"4":{"start":{"line":10,"column":0},"end":{"line":69,"column":2}}},"branchMap":{},"code":["// 300es builtins/reserved words that were previously valid in v100","var v100 = require('./builtins')","","// The texture2D|Cube functions have been removed","// And the gl_ features are updated","v100 = v100.slice().filter(function (b) {","  return !/^(gl\\_|texture)/.test(b)","})","","module.exports = v100.concat([","  // the updated gl_ constants","    'gl_VertexID'","  , 'gl_InstanceID'","  , 'gl_Position'","  , 'gl_PointSize'","  , 'gl_FragCoord'","  , 'gl_FrontFacing'","  , 'gl_FragDepth'","  , 'gl_PointCoord'","  , 'gl_MaxVertexAttribs'","  , 'gl_MaxVertexUniformVectors'","  , 'gl_MaxVertexOutputVectors'","  , 'gl_MaxFragmentInputVectors'","  , 'gl_MaxVertexTextureImageUnits'","  , 'gl_MaxCombinedTextureImageUnits'","  , 'gl_MaxTextureImageUnits'","  , 'gl_MaxFragmentUniformVectors'","  , 'gl_MaxDrawBuffers'","  , 'gl_MinProgramTexelOffset'","  , 'gl_MaxProgramTexelOffset'","  , 'gl_DepthRangeParameters'","  , 'gl_DepthRange'","","  // other builtins","  , 'trunc'","  , 'round'","  , 'roundEven'","  , 'isnan'","  , 'isinf'","  , 'floatBitsToInt'","  , 'floatBitsToUint'","  , 'intBitsToFloat'","  , 'uintBitsToFloat'","  , 'packSnorm2x16'","  , 'unpackSnorm2x16'","  , 'packUnorm2x16'","  , 'unpackUnorm2x16'","  , 'packHalf2x16'","  , 'unpackHalf2x16'","  , 'outerProduct'","  , 'transpose'","  , 'determinant'","  , 'inverse'","  , 'texture'","  , 'textureSize'","  , 'textureProj'","  , 'textureLod'","  , 'textureOffset'","  , 'texelFetch'","  , 'texelFetchOffset'","  , 'textureProjOffset'","  , 'textureLodOffset'","  , 'textureProjLod'","  , 'textureProjLodOffset'","  , 'textureGrad'","  , 'textureGradOffset'","  , 'textureProjGrad'","  , 'textureProjGradOffset'","])",""],"l":{"2":1,"6":1,"7":147,"10":1}},"/home/travis/build/npmtest/node-npmtest-gl/node_modules/gl/wrap.js":{"path":"/home/travis/build/npmtest/node-npmtest-gl/node_modules/gl/wrap.js","s":{"1":1,"2":1,"3":1,"4":0,"5":0,"6":0,"7":0,"8":0,"9":0,"10":0,"11":0,"12":0,"13":0,"14":0,"15":0,"16":0,"17":0,"18":1,"19":1,"20":1,"21":1,"22":1,"23":1,"24":1,"25":1,"26":1,"27":1,"28":1},"b":{"1":[0,0],"2":[0,0,0],"3":[0,0],"4":[0,0]},"f":{"1":0,"2":0,"3":0,"4":0,"5":0},"fnMap":{"1":{"name":"wrapContext","line":8,"loc":{"start":{"line":8,"column":17},"end":{"line":8,"column":43}}},"2":{"name":"(anonymous_2)","line":12,"loc":{"start":{"line":12,"column":16},"end":{"line":12,"column":32}}},"3":{"name":"(anonymous_3)","line":30,"loc":{"start":{"line":30,"column":11},"end":{"line":30,"column":23}}},"4":{"name":"(anonymous_4)","line":33,"loc":{"start":{"line":33,"column":11},"end":{"line":33,"column":23}}},"5":{"name":"WebGLRenderingContext","line":40,"loc":{"start":{"line":40,"column":0},"end":{"line":40,"column":34}}}},"statementMap":{"1":{"start":{"line":1,"column":0},"end":{"line":1,"column":30}},"2":{"start":{"line":3,"column":0},"end":{"line":6,"column":1}},"3":{"start":{"line":8,"column":0},"end":{"line":38,"column":1}},"4":{"start":{"line":9,"column":2},"end":{"line":9,"column":75}},"5":{"start":{"line":10,"column":2},"end":{"line":10,"column":43}},"6":{"start":{"line":12,"column":2},"end":{"line":26,"column":4}},"7":{"start":{"line":13,"column":4},"end":{"line":17,"column":5}},"8":{"start":{"line":16,"column":6},"end":{"line":16,"column":12}},"9":{"start":{"line":18,"column":4},"end":{"line":18,"column":24}},"10":{"start":{"line":19,"column":4},"end":{"line":25,"column":5}},"11":{"start":{"line":20,"column":6},"end":{"line":22,"column":7}},"12":{"start":{"line":21,"column":8},"end":{"line":21,"column":38}},"13":{"start":{"line":24,"column":6},"end":{"line":24,"column":27}},"14":{"start":{"line":28,"column":2},"end":{"line":35,"column":4}},"15":{"start":{"line":30,"column":25},"end":{"line":30,"column":54}},"16":{"start":{"line":33,"column":25},"end":{"line":33,"column":55}},"17":{"start":{"line":37,"column":2},"end":{"line":37,"column":16}},"18":{"start":{"line":40,"column":0},"end":{"line":40,"column":36}},"19":{"start":{"line":41,"column":0},"end":{"line":41,"column":60}},"20":{"start":{"line":44,"column":0},"end":{"line":44,"column":48}},"21":{"start":{"line":45,"column":0},"end":{"line":45,"column":46}},"22":{"start":{"line":46,"column":0},"end":{"line":46,"column":46}},"23":{"start":{"line":47,"column":0},"end":{"line":47,"column":56}},"24":{"start":{"line":48,"column":0},"end":{"line":48,"column":58}},"25":{"start":{"line":49,"column":0},"end":{"line":49,"column":48}},"26":{"start":{"line":50,"column":0},"end":{"line":50,"column":64}},"27":{"start":{"line":51,"column":0},"end":{"line":51,"column":54}},"28":{"start":{"line":52,"column":0},"end":{"line":52,"column":76}}},"branchMap":{"1":{"line":13,"type":"if","locations":[{"start":{"line":13,"column":4},"end":{"line":13,"column":4}},{"start":{"line":13,"column":4},"end":{"line":13,"column":4}}]},"2":{"line":13,"type":"binary-expr","locations":[{"start":{"line":13,"column":8},"end":{"line":13,"column":23}},{"start":{"line":14,"column":8},"end":{"line":14,"column":23}},{"start":{"line":15,"column":8},"end":{"line":15,"column":23}}]},"3":{"line":19,"type":"if","locations":[{"start":{"line":19,"column":4},"end":{"line":19,"column":4}},{"start":{"line":19,"column":4},"end":{"line":19,"column":4}}]},"4":{"line":20,"type":"if","locations":[{"start":{"line":20,"column":6},"end":{"line":20,"column":6}},{"start":{"line":20,"column":6},"end":{"line":20,"column":6}}]}},"code":["var webgl = require('./webgl')","","var privateMethods = [","  'resize',","  'destroy'","]","","module.exports = function wrapContext (gl) {","  var props = Object.keys(gl).concat(Object.keys(gl.constructor.prototype))","  var wrapper = new WebGLRenderingContext()","","  props.forEach(function (prop) {","    if (prop[0] === '_' ||","        prop[0] === '0' ||","        prop[0] === '1') {","      return","    }","    var value = gl[prop]","    if (typeof value === 'function') {","      if (privateMethods.indexOf(value) < 0) {","        wrapper[prop] = value.bind(gl)","      }","    } else {","      wrapper[prop] = value","    }","  })","","  Object.defineProperties(wrapper, {","    drawingBufferWidth: {","      get: function () { return gl.drawingBufferWidth }","    },","    drawingBufferHeight: {","      get: function () { return gl.drawingBufferHeight }","    }","  })","","  return wrapper","}","","function WebGLRenderingContext () {}","module.exports.WebGLRenderingContext = WebGLRenderingContext","","// FIXME: Wrap all these objects to prevent headless-gl stuff from leaking","module.exports.WebGLProgram = webgl.WebGLProgram","module.exports.WebGLShader = webgl.WebGLShader","module.exports.WebGLBuffer = webgl.WebGLBuffer","module.exports.WebGLFramebuffer = webgl.WebGLFramebuffer","module.exports.WebGLRenderbuffer = webgl.WebGLRenderbuffer","module.exports.WebGLTexture = webgl.WebGLTexture","module.exports.WebGLUniformLocation = webgl.WebGLUniformLocation","module.exports.WebGLActiveInfo = webgl.WebGLActiveInfo","module.exports.WebGLShaderPrecisionFormat = webgl.WebGLShaderPrecisionFormat",""],"l":{"1":1,"3":1,"8":1,"9":0,"10":0,"12":0,"13":0,"16":0,"18":0,"19":0,"20":0,"21":0,"24":0,"28":0,"30":0,"33":0,"37":0,"40":1,"41":1,"44":1,"45":1,"46":1,"47":1,"48":1,"49":1,"50":1,"51":1,"52":1}}}